2026-05-02 16:01:27: 2026-05-02 16:01:27 [32minfo[39m: ✅ Socket.io inizializzato
2026-05-02 16:01:27: 2026-05-02 16:01:27 [32minfo[39m: 🍕 Avvio PizzaZen Backend...
2026-05-02 16:01:27: 2026-05-02 16:01:27 [32minfo[39m: ✅ PostgreSQL connesso — Sat May 02 2026 16:01:27 GMT+0000 (Coordinated Universal Time)
2026-05-02 16:01:27: 2026-05-02 16:01:27 [32minfo[39m: ✅ Redis connesso
2026-05-02 16:01:31: 2026-05-02 16:01:31 [32minfo[39m: ✅ Socket.io inizializzato
2026-05-02 16:01:31: 2026-05-02 16:01:31 [32minfo[39m: 🍕 Avvio PizzaZen Backend...
2026-05-02 16:01:31: 2026-05-02 16:01:31 [32minfo[39m: ✅ PostgreSQL connesso — Sat May 02 2026 16:01:31 GMT+0000 (Coordinated Universal Time)
2026-05-02 16:01:31: 2026-05-02 16:01:31 [32minfo[39m: ✅ Redis connesso
2026-05-02 16:01:35: 2026-05-02 16:01:35 [32minfo[39m: ✅ Socket.io inizializzato
2026-05-02 16:01:35: 2026-05-02 16:01:35 [32minfo[39m: 🍕 Avvio PizzaZen Backend...
2026-05-02 16:01:35: 2026-05-02 16:01:35 [32minfo[39m: ✅ PostgreSQL connesso — Sat May 02 2026 16:01:35 GMT+0000 (Coordinated Universal Time)
2026-05-02 16:01:35: 2026-05-02 16:01:35 [32minfo[39m: ✅ Redis connesso
2026-05-02 16:01:38: 2026-05-02 16:01:38 [32minfo[39m: ✅ Socket.io inizializzato
2026-05-02 16:01:38: 2026-05-02 16:01:38 [32minfo[39m: 🍕 Avvio PizzaZen Backend...
2026-05-02 16:01:39: 2026-05-02 16:01:39 [32minfo[39m: ✅ PostgreSQL connesso — Sat May 02 2026 16:01:39 GMT+0000 (Coordinated Universal Time)
2026-05-02 16:01:39: 2026-05-02 16:01:39 [32minfo[39m: ✅ Redis connesso
2026-05-02 16:01:42: 2026-05-02 16:01:42 [32minfo[39m: ✅ Socket.io inizializzato
2026-05-02 16:01:42: 2026-05-02 16:01:42 [32minfo[39m: 🍕 Avvio PizzaZen Backend...
2026-05-02 16:01:42: 2026-05-02 16:01:42 [32minfo[39m: ✅ PostgreSQL connesso — Sat May 02 2026 16:01:42 GMT+0000 (Coordinated Universal Time)
2026-05-02 16:01:42: 2026-05-02 16:01:42 [32minfo[39m: ✅ Redis connesso
2026-05-02 16:01:46: 2026-05-02 16:01:46 [32minfo[39m: ✅ Socket.io inizializzato
2026-05-02 16:01:46: 2026-05-02 16:01:46 [32minfo[39m: 🍕 Avvio PizzaZen Backend...
2026-05-02 16:01:46: 2026-05-02 16:01:46 [32minfo[39m: ✅ PostgreSQL connesso — Sat May 02 2026 16:01:46 GMT+0000 (Coordinated Universal Time)
2026-05-02 16:01:46: 2026-05-02 16:01:46 [32minfo[39m: ✅ Redis connesso
2026-05-02 16:01:50: 2026-05-02 16:01:50 [32minfo[39m: ✅ Socket.io inizializzato
2026-05-02 16:01:50: 2026-05-02 16:01:50 [32minfo[39m: 🍕 Avvio PizzaZen Backend...
2026-05-02 16:01:50: 2026-05-02 16:01:50 [32minfo[39m: ✅ PostgreSQL connesso — Sat May 02 2026 16:01:50 GMT+0000 (Coordinated Universal Time)
2026-05-02 16:01:50: 2026-05-02 16:01:50 [32minfo[39m: ✅ Redis connesso
2026-05-02 16:01:54: 2026-05-02 16:01:54 [32minfo[39m: ✅ Socket.io inizializzato
2026-05-02 16:01:54: 2026-05-02 16:01:54 [32minfo[39m: 🍕 Avvio PizzaZen Backend...
2026-05-02 16:01:54: 2026-05-02 16:01:54 [32minfo[39m: ✅ PostgreSQL connesso — Sat May 02 2026 16:01:54 GMT+0000 (Coordinated Universal Time)
2026-05-02 16:01:54: 2026-05-02 16:01:54 [32minfo[39m: ✅ Redis connesso
2026-05-02 16:01:58: 2026-05-02 16:01:58 [32minfo[39m: ✅ Socket.io inizializzato
2026-05-02 16:01:58: 2026-05-02 16:01:58 [32minfo[39m: 🍕 Avvio PizzaZen Backend...
2026-05-02 16:01:58: 2026-05-02 16:01:58 [32minfo[39m: ✅ PostgreSQL connesso — Sat May 02 2026 16:01:58 GMT+0000 (Coordinated Universal Time)
2026-05-02 16:01:58: 2026-05-02 16:01:58 [32minfo[39m: ✅ Redis connesso
2026-05-02 16:02:02: 2026-05-02 16:02:02 [32minfo[39m: ✅ Socket.io inizializzato
2026-05-02 16:02:02: 2026-05-02 16:02:02 [32minfo[39m: 🍕 Avvio PizzaZen Backend...
2026-05-02 16:02:02: 2026-05-02 16:02:02 [32minfo[39m: ✅ PostgreSQL connesso — Sat May 02 2026 16:02:02 GMT+0000 (Coordinated Universal Time)
2026-05-02 16:02:02: 2026-05-02 16:02:02 [32minfo[39m: ✅ Redis connesso
2026-05-02 16:02:06: 2026-05-02 16:02:06 [32minfo[39m: ✅ Socket.io inizializzato
2026-05-02 16:02:06: 2026-05-02 16:02:06 [32minfo[39m: 🍕 Avvio PizzaZen Backend...
2026-05-02 16:02:06: 2026-05-02 16:02:06 [32minfo[39m: ✅ PostgreSQL connesso — Sat May 02 2026 16:02:06 GMT+0000 (Coordinated Universal Time)
2026-05-02 16:02:06: 2026-05-02 16:02:06 [32minfo[39m: ✅ Redis connesso
2026-05-02 16:02:10: 2026-05-02 16:02:10 [32minfo[39m: ✅ Socket.io inizializzato
2026-05-02 16:02:10: 2026-05-02 16:02:10 [32minfo[39m: 🍕 Avvio PizzaZen Backend...
2026-05-02 16:02:10: 2026-05-02 16:02:10 [32minfo[39m: ✅ PostgreSQL connesso — Sat May 02 2026 16:02:10 GMT+0000 (Coordinated Universal Time)
2026-05-02 16:02:10: 2026-05-02 16:02:10 [32minfo[39m: ✅ Redis connesso
2026-05-02 16:02:14: 2026-05-02 16:02:14 [32minfo[39m: ✅ Socket.io inizializzato
2026-05-02 16:02:14: 2026-05-02 16:02:14 [32minfo[39m: 🍕 Avvio PizzaZen Backend...
2026-05-02 16:02:14: 2026-05-02 16:02:14 [32minfo[39m: ✅ PostgreSQL connesso — Sat May 02 2026 16:02:14 GMT+0000 (Coordinated Universal Time)
2026-05-02 16:02:14: 2026-05-02 16:02:14 [32minfo[39m: ✅ Redis connesso
2026-05-02 16:02:17: 2026-05-02 16:02:17 [32minfo[39m: ✅ Socket.io inizializzato
2026-05-02 16:02:17: 2026-05-02 16:02:17 [32minfo[39m: 🍕 Avvio PizzaZen Backend...
2026-05-02 16:02:17: 2026-05-02 16:02:17 [32minfo[39m: ✅ PostgreSQL connesso — Sat May 02 2026 16:02:17 GMT+0000 (Coordinated Universal Time)
2026-05-02 16:02:17: 2026-05-02 16:02:17 [32minfo[39m: ✅ Redis connesso
2026-05-02 16:02:21: 2026-05-02 16:02:21 [32minfo[39m: ✅ Socket.io inizializzato
2026-05-02 16:02:21: 2026-05-02 16:02:21 [32minfo[39m: 🍕 Avvio PizzaZen Backend...
2026-05-02 16:02:21: 2026-05-02 16:02:21 [32minfo[39m: ✅ PostgreSQL connesso — Sat May 02 2026 16:02:21 GMT+0000 (Coordinated Universal Time)
2026-05-02 16:02:21: 2026-05-02 16:02:21 [32minfo[39m: ✅ Redis connesso
2026-05-02 16:02:25: 2026-05-02 16:02:25 [32minfo[39m: ✅ Socket.io inizializzato
2026-05-02 16:02:25: 2026-05-02 16:02:25 [32minfo[39m: 🍕 Avvio PizzaZen Backend...
2026-05-02 16:02:25: 2026-05-02 16:02:25 [32minfo[39m: ✅ PostgreSQL connesso — Sat May 02 2026 16:02:25 GMT+0000 (Coordinated Universal Time)
2026-05-02 16:02:25: 2026-05-02 16:02:25 [32minfo[39m: ✅ Redis connesso
2026-05-02 16:02:29: 2026-05-02 16:02:29 [32minfo[39m: ✅ Socket.io inizializzato
2026-05-02 16:02:29: 2026-05-02 16:02:29 [32minfo[39m: 🍕 Avvio PizzaZen Backend...
2026-05-02 16:02:29: 2026-05-02 16:02:29 [32minfo[39m: ✅ PostgreSQL connesso — Sat May 02 2026 16:02:29 GMT+0000 (Coordinated Universal Time)
2026-05-02 16:02:29: 2026-05-02 16:02:29 [32minfo[39m: ✅ Redis connesso
2026-05-02 16:02:33: 2026-05-02 16:02:33 [32minfo[39m: ✅ Socket.io inizializzato
2026-05-02 16:02:33: 2026-05-02 16:02:33 [32minfo[39m: 🍕 Avvio PizzaZen Backend...
2026-05-02 16:02:33: 2026-05-02 16:02:33 [32minfo[39m: ✅ PostgreSQL connesso — Sat May 02 2026 16:02:33 GMT+0000 (Coordinated Universal Time)
2026-05-02 16:02:33: 2026-05-02 16:02:33 [32minfo[39m: ✅ Redis connesso
2026-05-02 16:02:37: 2026-05-02 16:02:37 [32minfo[39m: ✅ Socket.io inizializzato
2026-05-02 16:02:37: 2026-05-02 16:02:37 [32minfo[39m: 🍕 Avvio PizzaZen Backend...
2026-05-02 16:02:37: 2026-05-02 16:02:37 [32minfo[39m: ✅ PostgreSQL connesso — Sat May 02 2026 16:02:37 GMT+0000 (Coordinated Universal Time)
2026-05-02 16:02:37: 2026-05-02 16:02:37 [32minfo[39m: ✅ Redis connesso
2026-05-02 16:02:41: 2026-05-02 16:02:41 [32minfo[39m: ✅ Socket.io inizializzato
2026-05-02 16:02:41: 2026-05-02 16:02:41 [32minfo[39m: 🍕 Avvio PizzaZen Backend...
2026-05-02 16:02:41: 2026-05-02 16:02:41 [32minfo[39m: ✅ PostgreSQL connesso — Sat May 02 2026 16:02:41 GMT+0000 (Coordinated Universal Time)
2026-05-02 16:02:41: 2026-05-02 16:02:41 [32minfo[39m: ✅ Redis connesso
2026-05-02 16:02:45: 2026-05-02 16:02:45 [32minfo[39m: ✅ Socket.io inizializzato
2026-05-02 16:02:45: 2026-05-02 16:02:45 [32minfo[39m: 🍕 Avvio PizzaZen Backend...
2026-05-02 16:02:45: 2026-05-02 16:02:45 [32minfo[39m: ✅ PostgreSQL connesso — Sat May 02 2026 16:02:45 GMT+0000 (Coordinated Universal Time)
2026-05-02 16:02:45: 2026-05-02 16:02:45 [32minfo[39m: ✅ Redis connesso
2026-05-02 16:02:49: 2026-05-02 16:02:49 [32minfo[39m: ✅ Socket.io inizializzato
2026-05-02 16:02:49: 2026-05-02 16:02:49 [32minfo[39m: 🍕 Avvio PizzaZen Backend...
2026-05-02 16:02:49: 2026-05-02 16:02:49 [32minfo[39m: ✅ PostgreSQL connesso — Sat May 02 2026 16:02:49 GMT+0000 (Coordinated Universal Time)
2026-05-02 16:02:49: 2026-05-02 16:02:49 [32minfo[39m: ✅ Redis connesso
2026-05-02 16:02:53: 2026-05-02 16:02:53 [32minfo[39m: ✅ Socket.io inizializzato
2026-05-02 16:02:53: 2026-05-02 16:02:53 [32minfo[39m: 🍕 Avvio PizzaZen Backend...
2026-05-02 16:02:53: 2026-05-02 16:02:53 [32minfo[39m: ✅ PostgreSQL connesso — Sat May 02 2026 16:02:53 GMT+0000 (Coordinated Universal Time)
2026-05-02 16:02:53: 2026-05-02 16:02:53 [32minfo[39m: ✅ Redis connesso
2026-05-02 16:02:56: 2026-05-02 16:02:56 [32minfo[39m: ✅ Socket.io inizializzato
2026-05-02 16:02:56: 2026-05-02 16:02:56 [32minfo[39m: 🍕 Avvio PizzaZen Backend...
2026-05-02 16:02:56: 2026-05-02 16:02:56 [32minfo[39m: ✅ PostgreSQL connesso — Sat May 02 2026 16:02:56 GMT+0000 (Coordinated Universal Time)
2026-05-02 16:02:56: 2026-05-02 16:02:56 [32minfo[39m: ✅ Redis connesso
2026-05-02 16:03:00: 2026-05-02 16:03:00 [32minfo[39m: ✅ Socket.io inizializzato
2026-05-02 16:03:00: 2026-05-02 16:03:00 [32minfo[39m: 🍕 Avvio PizzaZen Backend...
2026-05-02 16:03:00: 2026-05-02 16:03:00 [32minfo[39m: ✅ PostgreSQL connesso — Sat May 02 2026 16:03:00 GMT+0000 (Coordinated Universal Time)
2026-05-02 16:03:00: 2026-05-02 16:03:00 [32minfo[39m: ✅ Redis connesso
2026-05-02 16:03:04: 2026-05-02 16:03:04 [32minfo[39m: ✅ Socket.io inizializzato
2026-05-02 16:03:04: 2026-05-02 16:03:04 [32minfo[39m: 🍕 Avvio PizzaZen Backend...
2026-05-02 16:03:04: 2026-05-02 16:03:04 [32minfo[39m: ✅ PostgreSQL connesso — Sat May 02 2026 16:03:04 GMT+0000 (Coordinated Universal Time)
2026-05-02 16:03:04: 2026-05-02 16:03:04 [32minfo[39m: ✅ Redis connesso
2026-05-02 16:03:08: 2026-05-02 16:03:08 [32minfo[39m: ✅ Socket.io inizializzato
2026-05-02 16:03:08: 2026-05-02 16:03:08 [32minfo[39m: 🍕 Avvio PizzaZen Backend...
2026-05-02 16:03:08: 2026-05-02 16:03:08 [32minfo[39m: ✅ PostgreSQL connesso — Sat May 02 2026 16:03:08 GMT+0000 (Coordinated Universal Time)
2026-05-02 16:03:08: 2026-05-02 16:03:08 [32minfo[39m: ✅ Redis connesso
2026-05-02 16:03:12: 2026-05-02 16:03:12 [32minfo[39m: ✅ Socket.io inizializzato
2026-05-02 16:03:12: 2026-05-02 16:03:12 [32minfo[39m: 🍕 Avvio PizzaZen Backend...
2026-05-02 16:03:12: 2026-05-02 16:03:12 [32minfo[39m: ✅ PostgreSQL connesso — Sat May 02 2026 16:03:12 GMT+0000 (Coordinated Universal Time)
2026-05-02 16:03:12: 2026-05-02 16:03:12 [32minfo[39m: ✅ Redis connesso
2026-05-02 16:03:16: 2026-05-02 16:03:16 [32minfo[39m: ✅ Socket.io inizializzato
2026-05-02 16:03:16: 2026-05-02 16:03:16 [32minfo[39m: 🍕 Avvio PizzaZen Backend...
2026-05-02 16:03:16: 2026-05-02 16:03:16 [32minfo[39m: ✅ PostgreSQL connesso — Sat May 02 2026 16:03:16 GMT+0000 (Coordinated Universal Time)
2026-05-02 16:03:16: 2026-05-02 16:03:16 [32minfo[39m: ✅ Redis connesso
2026-05-02 16:03:20: 2026-05-02 16:03:20 [32minfo[39m: ✅ Socket.io inizializzato
2026-05-02 16:03:20: 2026-05-02 16:03:20 [32minfo[39m: 🍕 Avvio PizzaZen Backend...
2026-05-02 16:03:20: 2026-05-02 16:03:20 [32minfo[39m: ✅ PostgreSQL connesso — Sat May 02 2026 16:03:20 GMT+0000 (Coordinated Universal Time)
2026-05-02 16:03:20: 2026-05-02 16:03:20 [32minfo[39m: ✅ Redis connesso
2026-05-02 16:03:24: 2026-05-02 16:03:24 [32minfo[39m: ✅ Socket.io inizializzato
2026-05-02 16:03:24: 2026-05-02 16:03:24 [32minfo[39m: 🍕 Avvio PizzaZen Backend...
2026-05-02 16:03:24: 2026-05-02 16:03:24 [32minfo[39m: ✅ PostgreSQL connesso — Sat May 02 2026 16:03:24 GMT+0000 (Coordinated Universal Time)
2026-05-02 16:03:24: 2026-05-02 16:03:24 [32minfo[39m: ✅ Redis connesso
2026-05-02 16:03:28: 2026-05-02 16:03:28 [32minfo[39m: ✅ Socket.io inizializzato
2026-05-02 16:03:28: 2026-05-02 16:03:28 [32minfo[39m: 🍕 Avvio PizzaZen Backend...
2026-05-02 16:03:28: 2026-05-02 16:03:28 [32minfo[39m: ✅ PostgreSQL connesso — Sat May 02 2026 16:03:28 GMT+0000 (Coordinated Universal Time)
2026-05-02 16:03:28: 2026-05-02 16:03:28 [32minfo[39m: ✅ Redis connesso
2026-05-02 16:03:32: 2026-05-02 16:03:32 [32minfo[39m: ✅ Socket.io inizializzato
2026-05-02 16:03:32: 2026-05-02 16:03:32 [32minfo[39m: 🍕 Avvio PizzaZen Backend...
2026-05-02 16:03:32: 2026-05-02 16:03:32 [32minfo[39m: ✅ PostgreSQL connesso — Sat May 02 2026 16:03:32 GMT+0000 (Coordinated Universal Time)
2026-05-02 16:03:32: 2026-05-02 16:03:32 [32minfo[39m: ✅ Redis connesso
2026-05-02 16:03:36: 2026-05-02 16:03:36 [32minfo[39m: ✅ Socket.io inizializzato
2026-05-02 16:03:36: 2026-05-02 16:03:36 [32minfo[39m: 🍕 Avvio PizzaZen Backend...
2026-05-02 16:03:36: 2026-05-02 16:03:36 [32minfo[39m: ✅ PostgreSQL connesso — Sat May 02 2026 16:03:36 GMT+0000 (Coordinated Universal Time)
2026-05-02 16:03:36: 2026-05-02 16:03:36 [32minfo[39m: ✅ Redis connesso
2026-05-02 16:03:40: 2026-05-02 16:03:40 [32minfo[39m: ✅ Socket.io inizializzato
2026-05-02 16:03:40: 2026-05-02 16:03:40 [32minfo[39m: 🍕 Avvio PizzaZen Backend...
2026-05-02 16:03:40: 2026-05-02 16:03:40 [32minfo[39m: ✅ PostgreSQL connesso — Sat May 02 2026 16:03:40 GMT+0000 (Coordinated Universal Time)
2026-05-02 16:03:40: 2026-05-02 16:03:40 [32minfo[39m: ✅ Redis connesso
2026-05-02 16:03:43: 2026-05-02 16:03:43 [32minfo[39m: ✅ Socket.io inizializzato
2026-05-02 16:03:43: 2026-05-02 16:03:43 [32minfo[39m: 🍕 Avvio PizzaZen Backend...
2026-05-02 16:03:44: 2026-05-02 16:03:44 [32minfo[39m: ✅ PostgreSQL connesso — Sat May 02 2026 16:03:44 GMT+0000 (Coordinated Universal Time)
2026-05-02 16:03:44: 2026-05-02 16:03:44 [32minfo[39m: ✅ Redis connesso
2026-05-02 16:04:22: 2026-05-02 16:04:22 [32minfo[39m: ✅ Socket.io inizializzato
2026-05-02 16:04:22: 2026-05-02 16:04:22 [32minfo[39m: 🍕 Avvio PizzaZen Backend...
2026-05-02 16:04:22: 2026-05-02 16:04:22 [32minfo[39m: ✅ PostgreSQL connesso — Sat May 02 2026 16:04:22 GMT+0000 (Coordinated Universal Time)
2026-05-02 16:04:22: 2026-05-02 16:04:22 [32minfo[39m: ✅ Redis connesso
2026-05-02 16:04:22: 2026-05-02 16:04:22 [32minfo[39m: ✅ Server in ascolto su porta 3000
2026-05-02 16:04:22: 2026-05-02 16:04:22 [32minfo[39m: 🌍 Ambiente: production
2026-05-02 16:04:22: 2026-05-02 16:04:22 [32minfo[39m: 📡 Health check: http://localhost:3000/health
2026-05-02 16:04:22: 2026-05-02 16:04:22 [32minfo[39m: 🔌 Socket.io attivo
2026-05-02 16:04:50: 127.0.0.1 - - [02/May/2026:16:04:50 +0000] "GET /health HTTP/1.1" 200 123 "-" "curl/7.81.0"
2026-05-02 16:07:25: 2026-05-02 16:07:25 [32minfo[39m: SIGTERM ricevuto — spegnimento graceful...
2026-05-02 16:07:25: 2026-05-02 16:07:25 [32minfo[39m: Server chiuso
2026-05-02 16:07:47: 2026-05-02 16:07:47 [32minfo[39m: ✅ Socket.io inizializzato
2026-05-02 16:07:47: 2026-05-02 16:07:47 [32minfo[39m: 🍕 Avvio PizzaZen Backend...
2026-05-02 16:07:48: 2026-05-02 16:07:48 [32minfo[39m: ✅ PostgreSQL connesso — Sat May 02 2026 16:07:48 GMT+0000 (Coordinated Universal Time)
2026-05-02 16:07:48: 2026-05-02 16:07:48 [32minfo[39m: ✅ Redis connesso
2026-05-02 16:07:48: 2026-05-02 16:07:48 [32minfo[39m: ✅ Server in ascolto su porta 3000
2026-05-02 16:07:48: 2026-05-02 16:07:48 [32minfo[39m: 🌍 Ambiente: production
2026-05-02 16:07:48: 2026-05-02 16:07:48 [32minfo[39m: 📡 Health check: http://localhost:3000/health
2026-05-02 16:07:48: 2026-05-02 16:07:48 [32minfo[39m: 🔌 Socket.io attivo
2026-05-02 16:08:12: 2026-05-02 16:08:12 [31merror[39m: Redis error:
2026-05-02 16:08:12: 2026-05-02 16:08:12 [33mwarn[39m: Redis: riconnessione...
2026-05-02 16:08:12: 2026-05-02 16:08:12 [31merror[39m: Redis error:
2026-05-02 16:08:12: 2026-05-02 16:08:12 [33mwarn[39m: Redis: riconnessione...
2026-05-02 16:08:12: 2026-05-02 16:08:12 [31merror[39m: Redis error:
2026-05-02 16:08:12: 2026-05-02 16:08:12 [31merror[39m: Errore pool PostgreSQL: terminating connection due to administrator command
2026-05-02 16:08:12: 2026-05-02 16:08:12 [33mwarn[39m: Redis: riconnessione...
2026-05-02 16:08:12: 2026-05-02 16:08:12 [31merror[39m: Redis error:
2026-05-02 16:08:12: 2026-05-02 16:08:12 [33mwarn[39m: Redis: riconnessione...
2026-05-02 16:08:12: 2026-05-02 16:08:12 [31merror[39m: Redis error:
2026-05-02 16:08:33: 2026-05-02 16:08:33 [32minfo[39m: ✅ Socket.io inizializzato
2026-05-02 16:08:33: 2026-05-02 16:08:33 [32minfo[39m: 🍕 Avvio PizzaZen Backend...
2026-05-02 16:08:33: 2026-05-02 16:08:33 [32minfo[39m: ✅ PostgreSQL connesso — Sat May 02 2026 16:08:33 GMT+0000 (Coordinated Universal Time)
2026-05-02 16:08:33: 2026-05-02 16:08:33 [32minfo[39m: ✅ Redis connesso
2026-05-02 16:08:33: 2026-05-02 16:08:33 [32minfo[39m: ✅ Server in ascolto su porta 3000
2026-05-02 16:08:33: 2026-05-02 16:08:33 [32minfo[39m: 🌍 Ambiente: production
2026-05-02 16:08:33: 2026-05-02 16:08:33 [32minfo[39m: 📡 Health check: http://localhost:3000/health
2026-05-02 16:08:33: 2026-05-02 16:08:33 [32minfo[39m: 🔌 Socket.io attivo
2026-05-02 16:09:07: 127.0.0.1 - - [02/May/2026:16:09:07 +0000] "GET /health HTTP/1.1" 200 123 "-" "curl/7.81.0"
2026-05-02 16:09:12: 127.0.0.1 - - [02/May/2026:16:09:12 +0000] "POST /api/v1/auth/admin/login HTTP/1.1" 200 280 "-" "curl/7.81.0"
2026-05-03 08:24:21: 2026-05-03 08:24:21 [32minfo[39m: ✅ Socket.io inizializzato
2026-05-03 08:24:21: 2026-05-03 08:24:21 [32minfo[39m: 🍕 Avvio PizzaZen Backend...
2026-05-03 08:24:21: 2026-05-03 08:24:21 [32minfo[39m: ✅ PostgreSQL connesso — Sun May 03 2026 08:24:21 GMT+0000 (Coordinated Universal Time)
2026-05-03 08:24:21: 2026-05-03 08:24:21 [32minfo[39m: ✅ Redis connesso
2026-05-03 08:24:21: 2026-05-03 08:24:21 [32minfo[39m: ✅ Server in ascolto su porta 3000
2026-05-03 08:24:21: 2026-05-03 08:24:21 [32minfo[39m: 🌍 Ambiente: production
2026-05-03 08:24:21: 2026-05-03 08:24:21 [32minfo[39m: 📡 Health check: http://localhost:3000/health
2026-05-03 08:24:21: 2026-05-03 08:24:21 [32minfo[39m: 🔌 Socket.io attivo
2026-05-03 08:26:36: 127.0.0.1 - - [03/May/2026:08:26:36 +0000] "POST /api/v1/auth/login HTTP/1.1" 401 87 "-" "curl/7.81.0"
2026-05-03 08:28:05: 127.0.0.1 - - [03/May/2026:08:28:05 +0000] "POST /api/v1/auth/login HTTP/1.1" 401 87 "-" "curl/7.81.0"
2026-05-03 08:29:03: 127.0.0.1 - - [03/May/2026:08:29:03 +0000] "POST /api/v1/auth/login HTTP/1.1" 200 421 "-" "curl/7.81.0"
2026-05-03 08:31:35: 127.0.0.1 - - [03/May/2026:08:31:35 +0000] "POST /api/v1/auth/login HTTP/1.1" 200 421 "-" "curl/7.81.0"
2026-05-03 08:31:35: 127.0.0.1 - - [03/May/2026:08:31:35 +0000] "GET /api/v1/pizzeria/menu/categorie HTTP/1.1" 200 547 "-" "curl/7.81.0"
2026-05-03 08:31:35: 127.0.0.1 - - [03/May/2026:08:31:35 +0000] "GET /api/v1/pizzeria/ingredienti HTTP/1.1" 200 5622 "-" "curl/7.81.0"
2026-05-03 08:32:44: 127.0.0.1 - - [03/May/2026:08:32:44 +0000] "POST /api/v1/pizzeria/menu/articoli HTTP/1.1" 201 348 "-" "curl/7.81.0"
2026-05-03 08:33:00: 127.0.0.1 - - [03/May/2026:08:33:00 +0000] "GET /api/v1/pizzeria/ingredienti HTTP/1.1" 200 5622 "-" "curl/7.81.0"
2026-05-03 08:33:38: 127.0.0.1 - - [03/May/2026:08:33:38 +0000] "PUT /api/v1/pizzeria/orari/settimanali HTTP/1.1" 200 54 "-" "curl/7.81.0"
2026-05-03 08:33:38: 127.0.0.1 - - [03/May/2026:08:33:38 +0000] "GET /api/v1/pizzeria/slot/2026-05-03 HTTP/1.1" 200 5608 "-" "curl/7.81.0"
2026-05-03 18:21:54: 2026-05-03 20:21:54 [32minfo[39m: ✅ Socket.io inizializzato
2026-05-03 18:21:54: 2026-05-03 20:21:54 [32minfo[39m: 🍕 Avvio PizzaZen Backend...
2026-05-03 18:21:54: 2026-05-03 20:21:54 [32minfo[39m: ✅ PostgreSQL connesso — Sun May 03 2026 20:21:54 GMT+0200 (Central European Summer Time)
2026-05-03 18:21:54: 2026-05-03 20:21:54 [32minfo[39m: ✅ Redis connesso
2026-05-03 18:21:54: 2026-05-03 20:21:54 [32minfo[39m: ✅ Server in ascolto su porta 3000
2026-05-03 18:21:54: 2026-05-03 20:21:54 [32minfo[39m: 🌍 Ambiente: production
2026-05-03 18:21:54: 2026-05-03 20:21:54 [32minfo[39m: 📡 Health check: http://localhost:3000/health
2026-05-03 18:21:54: 2026-05-03 20:21:54 [32minfo[39m: 🔌 Socket.io attivo
2026-05-03 18:22:34: 127.0.0.1 - - [03/May/2026:18:22:34 +0000] "POST /api/v1/auth/login HTTP/1.1" 200 421 "-" "curl/7.81.0"
2026-05-03 18:22:34: 2026-05-03 20:22:34 [32minfo[39m: ✅ Ordine #1 creato — pizzeria 1 — €16.00
2026-05-03 18:22:34: 127.0.0.1 - - [03/May/2026:18:22:34 +0000] "POST /api/v1/pizzeria/ordini HTTP/1.1" 201 833 "-" "curl/7.81.0"
2026-05-03 18:23:17: 127.0.0.1 - - [03/May/2026:18:23:17 +0000] "GET /api/v1/tracking/144f2fa6-9df5-4681-9516-bc072d80a008 HTTP/1.1" 200 563 "-" "curl/7.81.0"
2026-05-03 18:23:37: 127.0.0.1 - - [03/May/2026:18:23:37 +0000] "PATCH /api/v1/pizzeria/ordini/1/stato HTTP/1.1" 200 237 "-" "curl/7.81.0"
2026-05-03 18:29:32: 2026-05-03 20:29:32 [32minfo[39m: ✅ Socket.io inizializzato
2026-05-03 18:29:32: 2026-05-03 20:29:32 [32minfo[39m: 🍕 Avvio PizzaZen Backend...
2026-05-03 18:29:32: 2026-05-03 20:29:32 [32minfo[39m: ✅ PostgreSQL connesso — Sun May 03 2026 20:29:32 GMT+0200 (Central European Summer Time)
2026-05-03 18:29:32: 2026-05-03 20:29:32 [32minfo[39m: ✅ Redis connesso
2026-05-03 18:29:32: 2026-05-03 20:29:32 [32minfo[39m: ✅ Server in ascolto su porta 3000
2026-05-03 18:29:32: 2026-05-03 20:29:32 [32minfo[39m: 🌍 Ambiente: production
2026-05-03 18:29:32: 2026-05-03 20:29:32 [32minfo[39m: 📡 Health check: http://localhost:3000/health
2026-05-03 18:29:32: 2026-05-03 20:29:32 [32minfo[39m: 🔌 Socket.io attivo
2026-05-03 18:29:43: 2026-05-03 20:29:43 [32minfo[39m: ✅ Ordine #2 creato — pizzeria 1 — €8.00
2026-05-03 18:29:43: 127.0.0.1 - - [03/May/2026:18:29:43 +0000] "POST /api/v1/pizzeria/ordini HTTP/1.1" 201 790 "-" "curl/7.81.0"
2026-05-03 18:31:46: 2026-05-03 20:31:46 [32minfo[39m: ✅ Socket.io inizializzato
2026-05-03 18:31:46: 2026-05-03 20:31:46 [32minfo[39m: 🍕 Avvio PizzaZen Backend...
2026-05-03 18:31:46: 2026-05-03 20:31:46 [32minfo[39m: ✅ PostgreSQL connesso — Sun May 03 2026 20:31:46 GMT+0200 (Central European Summer Time)
2026-05-03 18:31:46: 2026-05-03 20:31:46 [32minfo[39m: ✅ Redis connesso
2026-05-03 18:31:46: 2026-05-03 20:31:46 [32minfo[39m: ✅ Server in ascolto su porta 3000
2026-05-03 18:31:46: 2026-05-03 20:31:46 [32minfo[39m: 🌍 Ambiente: production
2026-05-03 18:31:46: 2026-05-03 20:31:46 [32minfo[39m: 📡 Health check: http://localhost:3000/health
2026-05-03 18:31:46: 2026-05-03 20:31:46 [32minfo[39m: 🔌 Socket.io attivo
2026-05-03 18:31:47: 127.0.0.1 - - [03/May/2026:18:31:47 +0000] "POST /api/v1/auth/login HTTP/1.1" 200 421 "-" "curl/7.81.0"
2026-05-03 18:31:47: 2026-05-03 20:31:47 [32minfo[39m: ✅ Ordine #3 creato — pizzeria 1 — €8.00
2026-05-03 18:31:47: 127.0.0.1 - - [03/May/2026:18:31:47 +0000] "POST /api/v1/pizzeria/ordini HTTP/1.1" 201 784 "-" "curl/7.81.0"
2026-05-03 18:34:43: 2026-05-03 20:34:43 [32minfo[39m: ✅ Socket.io inizializzato
2026-05-03 18:34:43: 2026-05-03 20:34:43 [32minfo[39m: 🍕 Avvio PizzaZen Backend...
2026-05-03 18:34:43: 2026-05-03 20:34:43 [32minfo[39m: ✅ PostgreSQL connesso — 2026-05-03 20:34:43.42917+02
2026-05-03 18:34:43: 2026-05-03 20:34:43 [32minfo[39m: ✅ Redis connesso
2026-05-03 18:34:43: 2026-05-03 20:34:43 [32minfo[39m: ✅ Server in ascolto su porta 3000
2026-05-03 18:34:43: 2026-05-03 20:34:43 [32minfo[39m: 🌍 Ambiente: production
2026-05-03 18:34:43: 2026-05-03 20:34:43 [32minfo[39m: 📡 Health check: http://localhost:3000/health
2026-05-03 18:34:43: 2026-05-03 20:34:43 [32minfo[39m: 🔌 Socket.io attivo
2026-05-03 18:34:44: 127.0.0.1 - - [03/May/2026:18:34:44 +0000] "POST /api/v1/auth/login HTTP/1.1" 200 421 "-" "curl/7.81.0"
2026-05-03 18:34:45: 2026-05-03 20:34:45 [32minfo[39m: ✅ Ordine #4 creato — pizzeria 1 — €8.00
2026-05-03 18:34:45: 127.0.0.1 - - [03/May/2026:18:34:45 +0000] "POST /api/v1/pizzeria/ordini HTTP/1.1" 201 789 "-" "curl/7.81.0"
2026-05-03 18:36:38: 127.0.0.1 - - [03/May/2026:18:36:38 +0000] "GET /api/v1/tracking/144f2fa6-9df5-4681-9516-bc072d80a008 HTTP/1.1" 200 562 "-" "curl/7.81.0"
2026-05-03 18:45:04: 127.0.0.1 - - [03/May/2026:18:45:04 +0000] "GET /storage/defaults/placeholder/pizza-default.png HTTP/1.1" 200 24786 "-" "curl/7.81.0"
2026-05-03 18:46:49: 127.0.0.1 - - [03/May/2026:18:46:49 +0000] "GET /health HTTP/1.1" 200 123 "-" "curl/7.81.0"
2026-05-03 18:46:49: 127.0.0.1 - - [03/May/2026:18:46:49 +0000] "GET /storage/defaults/placeholder/pizza-default.png HTTP/1.0" 200 24786 "-" "curl/7.81.0"
2026-05-03 18:47:45: 2026-05-03 20:47:45 [32minfo[39m: ✅ Socket.io inizializzato
2026-05-03 18:47:45: 2026-05-03 20:47:45 [32minfo[39m: 🍕 Avvio PizzaZen Backend...
2026-05-03 18:47:45: 2026-05-03 20:47:45 [32minfo[39m: ✅ PostgreSQL connesso — 2026-05-03 20:47:45.969596+02
2026-05-03 18:47:45: 2026-05-03 20:47:45 [32minfo[39m: ✅ Redis connesso
2026-05-03 18:47:45: 2026-05-03 20:47:45 [32minfo[39m: ✅ Server in ascolto su porta 3000
2026-05-03 18:47:45: 2026-05-03 20:47:45 [32minfo[39m: 🌍 Ambiente: production
2026-05-03 18:47:45: 2026-05-03 20:47:45 [32minfo[39m: 📡 Health check: http://localhost:3000/health
2026-05-03 18:47:45: 2026-05-03 20:47:45 [32minfo[39m: 🔌 Socket.io attivo
2026-05-04 06:03:02: 127.0.0.1 - - [04/May/2026:06:03:02 +0000] "GET / HTTP/1.1" 404 72 "-" "-"
2026-05-04 06:05:49: 127.0.0.1 - - [04/May/2026:06:05:49 +0000] "GET / HTTP/1.1" 404 72 "-" "-"
2026-05-04 06:30:43: 127.0.0.1 - - [04/May/2026:06:30:43 +0000] "GET / HTTP/1.1" 404 72 "-" "-"
2026-05-04 06:37:57: 127.0.0.1 - - [04/May/2026:06:37:57 +0000] "GET / HTTP/1.1" 404 72 "-" "-"
2026-05-04 08:19:15: 2026-05-04 10:19:15 [32minfo[39m: ✅ Socket.io inizializzato
2026-05-04 08:19:15: 2026-05-04 10:19:15 [32minfo[39m: 🍕 Avvio PizzaZen Backend...
2026-05-04 08:19:15: 2026-05-04 10:19:15 [32minfo[39m: ✅ PostgreSQL connesso — 2026-05-04 10:19:15.450591+02
2026-05-04 08:19:15: 2026-05-04 10:19:15 [32minfo[39m: ✅ Redis connesso
2026-05-04 08:19:15: 2026-05-04 10:19:15 [32minfo[39m: ✅ Server in ascolto su porta 3000
2026-05-04 08:19:15: 2026-05-04 10:19:15 [32minfo[39m: 🌍 Ambiente: production
2026-05-04 08:19:15: 2026-05-04 10:19:15 [32minfo[39m: 📡 Health check: http://localhost:3000/health
2026-05-04 08:19:15: 2026-05-04 10:19:15 [32minfo[39m: 🔌 Socket.io attivo
2026-05-04 08:19:25: 2026-05-04 10:19:25 [33mwarn[39m: Tentativo accesso centralino non autorizzato da 127.0.0.1
2026-05-04 08:19:25: 127.0.0.1 - - [04/May/2026:08:19:25 +0000] "POST /api/v1/centralino/chiamata HTTP/1.1" 401 42 "-" "curl/7.81.0"
2026-05-04 08:19:45: 2026-05-04 10:19:45 [33mwarn[39m: Tentativo accesso centralino non autorizzato da 127.0.0.1
2026-05-04 08:19:45: 127.0.0.1 - - [04/May/2026:08:19:45 +0000] "POST /api/v1/centralino/chiamata HTTP/1.1" 401 42 "-" "curl/7.81.0"
2026-05-04 08:22:52: 2026-05-04 10:22:52 [32minfo[39m: ✅ Socket.io inizializzato
2026-05-04 08:22:52: 2026-05-04 10:22:52 [32minfo[39m: 🍕 Avvio PizzaZen Backend...
2026-05-04 08:22:52: 2026-05-04 10:22:52 [32minfo[39m: ✅ PostgreSQL connesso — 2026-05-04 10:22:52.848368+02
2026-05-04 08:22:52: 2026-05-04 10:22:52 [32minfo[39m: ✅ Redis connesso
2026-05-04 08:22:52: 2026-05-04 10:22:52 [32minfo[39m: ✅ Server in ascolto su porta 3000
2026-05-04 08:22:52: 2026-05-04 10:22:52 [32minfo[39m: 🌍 Ambiente: production
2026-05-04 08:22:52: 2026-05-04 10:22:52 [32minfo[39m: 📡 Health check: http://localhost:3000/health
2026-05-04 08:22:52: 2026-05-04 10:22:52 [32minfo[39m: 🔌 Socket.io attivo
2026-05-04 08:23:47: 2026-05-04 10:23:47 [32minfo[39m: ✅ Socket.io inizializzato
2026-05-04 08:23:47: 2026-05-04 10:23:47 [32minfo[39m: 🍕 Avvio PizzaZen Backend...
2026-05-04 08:23:47: 2026-05-04 10:23:47 [32minfo[39m: ✅ PostgreSQL connesso — 2026-05-04 10:23:47.102981+02
2026-05-04 08:23:47: 2026-05-04 10:23:47 [32minfo[39m: ✅ Redis connesso
2026-05-04 08:23:47: 2026-05-04 10:23:47 [32minfo[39m: ✅ Server in ascolto su porta 3000
2026-05-04 08:23:47: 2026-05-04 10:23:47 [32minfo[39m: 🌍 Ambiente: production
2026-05-04 08:23:47: 2026-05-04 10:23:47 [32minfo[39m: 📡 Health check: http://localhost:3000/health
2026-05-04 08:23:47: 2026-05-04 10:23:47 [32minfo[39m: 🔌 Socket.io attivo
2026-05-04 08:24:27: 2026-05-04 10:24:27 [32minfo[39m: Centralino: nuovo cliente id=1 codice=WST4GPDN
2026-05-04 08:24:27: 2026-05-04 10:24:27 [32minfo[39m: Centralino: link generato http://192.168.1.160/ordina/pizzeria-da-mario/WST4GPDN — WA: false
2026-05-04 08:24:27: 127.0.0.1 - - [04/May/2026:08:24:27 +0000] "POST /api/v1/centralino/chiamata HTTP/1.1" 200 247 "-" "curl/7.81.0"
2026-05-04 08:24:55: 2026-05-04 10:24:55 [32minfo[39m: Centralino: cliente esistente id=1 per 3471234567
2026-05-04 08:24:55: 2026-05-04 10:24:55 [32minfo[39m: Centralino: link generato http://192.168.1.160/ordina/pizzeria-da-mario/WST4GPDN — WA: false
2026-05-04 08:24:55: 127.0.0.1 - - [04/May/2026:08:24:55 +0000] "POST /api/v1/centralino/chiamata HTTP/1.1" 200 248 "-" "curl/7.81.0"
2026-05-04 08:40:10: 2026-05-04 10:40:10 [32minfo[39m: ✅ Socket.io inizializzato
2026-05-04 08:40:10: 2026-05-04 10:40:10 [32minfo[39m: 🍕 Avvio PizzaZen Backend...
2026-05-04 08:40:10: 2026-05-04 10:40:10 [32minfo[39m: ✅ PostgreSQL connesso — 2026-05-04 10:40:10.960855+02
2026-05-04 08:40:10: 2026-05-04 10:40:10 [32minfo[39m: ✅ Redis connesso
2026-05-04 08:40:10: 2026-05-04 10:40:10 [32minfo[39m: ✅ Server in ascolto su porta 3000
2026-05-04 08:40:10: 2026-05-04 10:40:10 [32minfo[39m: 🌍 Ambiente: production
2026-05-04 08:40:10: 2026-05-04 10:40:10 [32minfo[39m: 📡 Health check: http://localhost:3000/health
2026-05-04 08:40:10: 2026-05-04 10:40:10 [32minfo[39m: 🔌 Socket.io attivo
2026-05-04 08:40:23: 127.0.0.1 - - [04/May/2026:08:40:23 +0000] "GET /api/v1/self-order/pizzeria-da-mario/WST4GPDN HTTP/1.1" 200 505 "-" "curl/7.81.0"
2026-05-04 08:40:55: 127.0.0.1 - - [04/May/2026:08:40:55 +0000] "GET /api/v1/self-order/pizzeria-da-mario/WST4GPDN/menu HTTP/1.1" 200 461 "-" "curl/7.81.0"
2026-05-04 08:40:55: 127.0.0.1 - - [04/May/2026:08:40:55 +0000] "GET /api/v1/self-order/pizzeria-da-mario/WST4GPDN/slot HTTP/1.1" 200 11211 "-" "curl/7.81.0"
2026-05-04 08:46:39: 2026-05-04 10:46:39 [32minfo[39m: ✅ Socket.io inizializzato
2026-05-04 08:46:39: 2026-05-04 10:46:39 [32minfo[39m: 🍕 Avvio PizzaZen Backend...
2026-05-04 08:46:39: 2026-05-04 10:46:39 [32minfo[39m: ✅ PostgreSQL connesso — 2026-05-04 10:46:39.697381+02
2026-05-04 08:46:39: 2026-05-04 10:46:39 [32minfo[39m: ✅ Redis connesso
2026-05-04 08:46:39: 2026-05-04 10:46:39 [32minfo[39m: ✅ Server in ascolto su porta 3000
2026-05-04 08:46:39: 2026-05-04 10:46:39 [32minfo[39m: 🌍 Ambiente: production
2026-05-04 08:46:39: 2026-05-04 10:46:39 [32minfo[39m: 📡 Health check: http://localhost:3000/health
2026-05-04 08:46:39: 2026-05-04 10:46:39 [32minfo[39m: 🔌 Socket.io attivo
2026-05-04 08:47:01: 127.0.0.1 - - [04/May/2026:08:47:01 +0000] "GET /health HTTP/1.1" 200 123 "-" "curl/7.81.0"
2026-05-04 08:47:01: 127.0.0.1 - - [04/May/2026:08:47:01 +0000] "POST /api/v1/auth/admin/login HTTP/1.1" 200 280 "-" "curl/7.81.0"
2026-05-04 08:47:01: 127.0.0.1 - - [04/May/2026:08:47:01 +0000] "GET /api/v1/admin/pizzerie HTTP/1.1" 200 557 "-" "curl/7.81.0"
2026-05-04 08:52:42: 2026-05-04 10:52:42 [32minfo[39m: ✅ Socket.io inizializzato
2026-05-04 08:52:42: 2026-05-04 10:52:42 [32minfo[39m: 🍕 Avvio PizzaZen Backend...
2026-05-04 08:52:42: 2026-05-04 10:52:42 [32minfo[39m: ✅ PostgreSQL connesso — 2026-05-04 10:52:42.960829+02
2026-05-04 08:52:42: 2026-05-04 10:52:42 [32minfo[39m: ✅ Redis connesso
2026-05-04 08:52:42: 2026-05-04 10:52:42 [32minfo[39m: ✅ Server in ascolto su porta 3000
2026-05-04 08:52:42: 2026-05-04 10:52:42 [32minfo[39m: 🌍 Ambiente: production
2026-05-04 08:52:42: 2026-05-04 10:52:42 [32minfo[39m: 📡 Health check: http://localhost:3000/health
2026-05-04 08:52:42: 2026-05-04 10:52:42 [32minfo[39m: 🔌 Socket.io attivo
2026-05-04 08:52:46: 2026-05-04 10:52:46 [32minfo[39m: Centralino: link=http://192.168.1.160/ordina/pizzeria-da-mario/WST4GPDN wa=false
2026-05-04 08:52:46: 127.0.0.1 - - [04/May/2026:08:52:46 +0000] "POST /api/v1/centralino/chiamata HTTP/1.1" 200 248 "-" "curl/7.81.0"
2026-05-04 16:30:16: 127.0.0.1 - - [04/May/2026:16:30:16 +0000] "GET / HTTP/1.1" 404 72 "-" "HomeNet/1.0"
2026-05-04 16:30:36: 127.0.0.1 - - [04/May/2026:16:30:36 +0000] "GET / HTTP/1.1" 404 72 "-" "HomeNet/1.0"
2026-05-04 16:34:27: 127.0.0.1 - - [04/May/2026:16:34:27 +0000] "GET / HTTP/1.1" 404 72 "-" "HomeNet/1.0"
2026-05-04 16:37:09: 127.0.0.1 - - [04/May/2026:16:37:09 +0000] "GET / HTTP/1.1" 404 72 "-" "HomeNet/1.0"
2026-05-04 17:08:06: 2026-05-04 19:08:06 [32minfo[39m: ✅ Socket.io inizializzato
2026-05-04 17:08:06: 2026-05-04 19:08:06 [32minfo[39m: 🍕 Avvio PizzaZen Backend...
2026-05-04 17:08:06: 2026-05-04 19:08:06 [32minfo[39m: ✅ PostgreSQL connesso — 2026-05-04 19:08:06.206343+02
2026-05-04 17:08:06: 2026-05-04 19:08:06 [32minfo[39m: ✅ Redis connesso
2026-05-04 17:08:06: 2026-05-04 19:08:06 [32minfo[39m: ✅ Server in ascolto su porta 3000
2026-05-04 17:08:06: 2026-05-04 19:08:06 [32minfo[39m: 🌍 Ambiente: production
2026-05-04 17:08:06: 2026-05-04 19:08:06 [32minfo[39m: 📡 Health check: http://localhost:3000/health
2026-05-04 17:08:06: 2026-05-04 19:08:06 [32minfo[39m: 🔌 Socket.io attivo
2026-05-04 17:08:48: 127.0.0.1 - - [04/May/2026:17:08:48 +0000] "GET /api/v1/pizzeria/impostazioni HTTP/1.1" 401 79 "-" "curl/7.81.0"
2026-05-04 17:10:05: 2026-05-04 19:10:05 [32minfo[39m: ✅ Socket.io inizializzato
2026-05-04 17:10:05: 2026-05-04 19:10:05 [32minfo[39m: 🍕 Avvio PizzaZen Backend...
2026-05-04 17:10:05: 2026-05-04 19:10:05 [32minfo[39m: ✅ PostgreSQL connesso — 2026-05-04 19:10:05.196616+02
2026-05-04 17:10:05: 2026-05-04 19:10:05 [32minfo[39m: ✅ Redis connesso
2026-05-04 17:10:05: 2026-05-04 19:10:05 [32minfo[39m: ✅ Server in ascolto su porta 3000
2026-05-04 17:10:05: 2026-05-04 19:10:05 [32minfo[39m: 🌍 Ambiente: production
2026-05-04 17:10:05: 2026-05-04 19:10:05 [32minfo[39m: 📡 Health check: http://localhost:3000/health
2026-05-04 17:10:05: 2026-05-04 19:10:05 [32minfo[39m: 🔌 Socket.io attivo
2026-05-04 17:10:06: 127.0.0.1 - - [04/May/2026:17:10:06 +0000] "POST /api/v1/auth/login HTTP/1.1" 200 421 "-" "curl/7.81.0"
2026-05-04 17:10:06: 127.0.0.1 - - [04/May/2026:17:10:06 +0000] "GET /api/v1/pizzeria/impostazioni HTTP/1.1" 200 877 "-" "curl/7.81.0"
2026-05-04 17:11:58: 127.0.0.1 - - [04/May/2026:17:11:58 +0000] "GET /api/v1/pizzeria/impostazioni HTTP/1.1" 200 877 "-" "curl/7.81.0"
2026-05-04 17:12:41: 127.0.0.1 - - [04/May/2026:17:12:41 +0000] "GET /api/v1/pizzeria/whatsapp/stato HTTP/1.1" 200 128 "-" "curl/7.81.0"
2026-05-04 17:29:26: 2026-05-04 19:29:26 [32minfo[39m: ✅ Ordine #1 creato — pizzeria 1 — €8.00
2026-05-04 17:29:26: 127.0.0.1 - - [04/May/2026:17:29:26 +0000] "POST /api/v1/pizzeria/ordini HTTP/1.1" 201 795 "-" "curl/7.81.0"
2026-05-04 17:29:34: 127.0.0.1 - - [04/May/2026:17:29:34 +0000] "PATCH /api/v1/pizzeria/ordini/ID_ORDINE/stato HTTP/1.1" 422 160 "-" "curl/7.81.0"
2026-05-04 17:30:10: 2026-05-04 19:30:10 [33mwarn[39m: WA notifica fallita ordine 5:
2026-05-04 17:30:10: 127.0.0.1 - - [04/May/2026:17:30:10 +0000] "PATCH /api/v1/pizzeria/ordini/5/stato HTTP/1.1" 200 226 "-" "curl/7.81.0"
2026-05-04 17:32:33: 2026-05-04 19:32:33 [32minfo[39m: ✅ Socket.io inizializzato
2026-05-04 17:32:33: 2026-05-04 19:32:33 [32minfo[39m: 🍕 Avvio PizzaZen Backend...
2026-05-04 17:32:33: 2026-05-04 19:32:33 [32minfo[39m: ✅ PostgreSQL connesso — 2026-05-04 19:32:33.575211+02
2026-05-04 17:32:33: 2026-05-04 19:32:33 [32minfo[39m: ✅ Redis connesso
2026-05-04 17:32:33: 2026-05-04 19:32:33 [32minfo[39m: ✅ Server in ascolto su porta 3000
2026-05-04 17:32:33: 2026-05-04 19:32:33 [32minfo[39m: 🌍 Ambiente: production
2026-05-04 17:32:33: 2026-05-04 19:32:33 [32minfo[39m: 📡 Health check: http://localhost:3000/health
2026-05-04 17:32:33: 2026-05-04 19:32:33 [32minfo[39m: 🔌 Socket.io attivo
2026-05-04 17:33:00: 2026-05-04 19:33:00 [33mwarn[39m: WA notifica fallita ordine 5:
2026-05-04 17:33:00: 127.0.0.1 - - [04/May/2026:17:33:00 +0000] "PATCH /api/v1/pizzeria/ordini/5/stato HTTP/1.1" 200 236 "-" "curl/7.81.0"
2026-05-04 17:33:08: 2026-05-04 19:33:08 [32minfo[39m: ✅ Socket.io inizializzato
2026-05-04 17:33:08: 2026-05-04 19:33:08 [32minfo[39m: 🍕 Avvio PizzaZen Backend...
2026-05-04 17:33:08: 2026-05-04 19:33:08 [32minfo[39m: ✅ PostgreSQL connesso — 2026-05-04 19:33:08.54144+02
2026-05-04 17:33:08: 2026-05-04 19:33:08 [32minfo[39m: ✅ Redis connesso
2026-05-04 17:33:08: 2026-05-04 19:33:08 [32minfo[39m: ✅ Server in ascolto su porta 3000
2026-05-04 17:33:08: 2026-05-04 19:33:08 [32minfo[39m: 🌍 Ambiente: production
2026-05-04 17:33:08: 2026-05-04 19:33:08 [32minfo[39m: 📡 Health check: http://localhost:3000/health
2026-05-04 17:33:08: 2026-05-04 19:33:08 [32minfo[39m: 🔌 Socket.io attivo
2026-05-04 17:33:11: 2026-05-04 19:33:11 [33mwarn[39m: WA notifica fallita ordine 5:
2026-05-04 17:33:11: 127.0.0.1 - - [04/May/2026:17:33:11 +0000] "PATCH /api/v1/pizzeria/ordini/5/stato HTTP/1.1" 200 236 "-" "curl/7.81.0"
2026-05-05 06:56:35: 127.0.0.1 - - [05/May/2026:06:56:35 +0000] "PATCH /api/v1/pizzeria/ordini/5/stato HTTP/1.1" 401 79 "-" "curl/7.81.0"
2026-05-05 06:57:10: 2026-05-05 08:57:10 [32minfo[39m: ✅ Socket.io inizializzato
2026-05-05 06:57:10: 2026-05-05 08:57:10 [32minfo[39m: 🍕 Avvio PizzaZen Backend...
2026-05-05 06:57:10: 2026-05-05 08:57:10 [32minfo[39m: ✅ PostgreSQL connesso — 2026-05-05 08:57:10.269919+02
2026-05-05 06:57:10: 2026-05-05 08:57:10 [32minfo[39m: ✅ Redis connesso
2026-05-05 06:57:10: 2026-05-05 08:57:10 [32minfo[39m: ✅ Server in ascolto su porta 3000
2026-05-05 06:57:10: 2026-05-05 08:57:10 [32minfo[39m: 🌍 Ambiente: production
2026-05-05 06:57:10: 2026-05-05 08:57:10 [32minfo[39m: 📡 Health check: http://localhost:3000/health
2026-05-05 06:57:10: 2026-05-05 08:57:10 [32minfo[39m: 🔌 Socket.io attivo
2026-05-05 06:57:11: 127.0.0.1 - - [05/May/2026:06:57:11 +0000] "POST /api/v1/auth/login HTTP/1.1" 200 421 "-" "curl/7.81.0"
2026-05-05 06:57:11: 127.0.0.1 - - [05/May/2026:06:57:11 +0000] "GET /api/v1/pizzeria/impostazioni HTTP/1.1" 200 886 "-" "curl/7.81.0"
2026-05-05 06:57:23: 2026-05-05 08:57:23 [33mwarn[39m: WA notifica fallita ordine 5:
2026-05-05 06:57:23: 127.0.0.1 - - [05/May/2026:06:57:23 +0000] "PATCH /api/v1/pizzeria/ordini/5/stato HTTP/1.1" 200 218 "-" "curl/7.81.0"
2026-05-05 06:59:13: 2026-05-05 08:59:13 [32minfo[39m: ✅ Ordine #1 creato — pizzeria 1 — €8.00
2026-05-05 06:59:13: 127.0.0.1 - - [05/May/2026:06:59:13 +0000] "POST /api/v1/pizzeria/ordini HTTP/1.1" 201 797 "-" "curl/7.81.0"
2026-05-05 06:59:40: 2026-05-05 08:59:40 [32minfo[39m: ✅ Ordine #2 creato — pizzeria 1 — €8.00
2026-05-05 06:59:40: 127.0.0.1 - - [05/May/2026:06:59:40 +0000] "POST /api/v1/pizzeria/ordini HTTP/1.1" 201 797 "-" "curl/7.81.0"
2026-05-05 07:00:19: 2026-05-05 09:00:19 [32minfo[39m: ✅ Ordine #3 creato — pizzeria 1 — €8.00
2026-05-05 07:00:19: 127.0.0.1 - - [05/May/2026:07:00:19 +0000] "POST /api/v1/pizzeria/ordini HTTP/1.1" 201 795 "-" "curl/7.81.0"
2026-05-05 07:00:19: 2026-05-05 09:00:19 [33mwarn[39m: WA notifica fallita ordine 8:
2026-05-05 07:00:19: 127.0.0.1 - - [05/May/2026:07:00:19 +0000] "PATCH /api/v1/pizzeria/ordini/8/stato HTTP/1.1" 200 226 "-" "curl/7.81.0"
2026-05-05 07:23:30: 2026-05-05 09:23:30 [32minfo[39m: ✅ Socket.io inizializzato
2026-05-05 07:23:30: 2026-05-05 09:23:30 [32minfo[39m: 🍕 Avvio PizzaZen Backend...
2026-05-05 07:23:31: 2026-05-05 09:23:31 [32minfo[39m: ✅ PostgreSQL connesso — 2026-05-05 09:23:31.004434+02
2026-05-05 07:23:31: 2026-05-05 09:23:31 [32minfo[39m: ✅ Redis connesso
2026-05-05 07:23:31: 2026-05-05 09:23:31 [32minfo[39m: ✅ Server in ascolto su porta 3000
2026-05-05 07:23:31: 2026-05-05 09:23:31 [32minfo[39m: 🌍 Ambiente: production
2026-05-05 07:23:31: 2026-05-05 09:23:31 [32minfo[39m: 📡 Health check: http://localhost:3000/health
2026-05-05 07:23:31: 2026-05-05 09:23:31 [32minfo[39m: 🔌 Socket.io attivo
2026-05-05 07:51:16: 127.0.0.1 - - [05/May/2026:07:51:16 +0000] "POST /api/v1/auth/login HTTP/1.1" 200 421 "-" "curl/7.81.0"
2026-05-05 07:51:16: 127.0.0.1 - - [05/May/2026:07:51:16 +0000] "POST /api/v1/pizzeria/ordini/5/stampa HTTP/1.1" 200 732 "-" "curl/7.81.0"
2026-05-05 07:52:39: 2026-05-05 09:52:39 [32minfo[39m: ✅ Socket.io inizializzato
2026-05-05 07:52:39: 2026-05-05 09:52:39 [32minfo[39m: 🍕 Avvio PizzaZen Backend...
2026-05-05 07:52:39: 2026-05-05 09:52:39 [32minfo[39m: ✅ PostgreSQL connesso — 2026-05-05 09:52:39.26618+02
2026-05-05 07:52:39: 2026-05-05 09:52:39 [32minfo[39m: ✅ Redis connesso
2026-05-05 07:52:39: 2026-05-05 09:52:39 [32minfo[39m: ✅ Server in ascolto su porta 3000
2026-05-05 07:52:39: 2026-05-05 09:52:39 [32minfo[39m: 🌍 Ambiente: production
2026-05-05 07:52:39: 2026-05-05 09:52:39 [32minfo[39m: 📡 Health check: http://localhost:3000/health
2026-05-05 07:52:39: 2026-05-05 09:52:39 [32minfo[39m: 🔌 Socket.io attivo
2026-05-05 07:59:46: 2026-05-05 09:59:46 [32minfo[39m: ✅ Socket.io inizializzato
2026-05-05 07:59:46: 2026-05-05 09:59:46 [32minfo[39m: 🍕 Avvio PizzaZen Backend...
2026-05-05 07:59:46: 2026-05-05 09:59:46 [32minfo[39m: ✅ PostgreSQL connesso — 2026-05-05 09:59:46.916863+02
2026-05-05 07:59:46: 2026-05-05 09:59:46 [32minfo[39m: ✅ Redis connesso
2026-05-05 07:59:46: 2026-05-05 09:59:46 [32minfo[39m: ✅ Server in ascolto su porta 3000
2026-05-05 07:59:46: 2026-05-05 09:59:46 [32minfo[39m: 🌍 Ambiente: production
2026-05-05 07:59:46: 2026-05-05 09:59:46 [32minfo[39m: 📡 Health check: http://localhost:3000/health
2026-05-05 07:59:46: 2026-05-05 09:59:46 [32minfo[39m: 🔌 Socket.io attivo
2026-05-05 09:22:54: 2026-05-05 11:22:54 [32minfo[39m: ✅ Socket.io inizializzato
2026-05-05 09:22:54: 2026-05-05 11:22:54 [32minfo[39m: 🍕 Avvio PizzaZen Backend...
2026-05-05 09:22:54: 2026-05-05 11:22:54 [32minfo[39m: ✅ PostgreSQL connesso — 2026-05-05 11:22:54.82689+02
2026-05-05 09:22:54: 2026-05-05 11:22:54 [32minfo[39m: ✅ Redis connesso
2026-05-05 09:22:54: 2026-05-05 11:22:54 [32minfo[39m: ✅ Server in ascolto su porta 3000
2026-05-05 09:22:54: 2026-05-05 11:22:54 [32minfo[39m: 🌍 Ambiente: production
2026-05-05 09:22:54: 2026-05-05 11:22:54 [32minfo[39m: 📡 Health check: http://localhost:3000/health
2026-05-05 09:22:54: 2026-05-05 11:22:54 [32minfo[39m: 🔌 Socket.io attivo
2026-05-05 09:23:03: 2026-05-05 11:23:03 [32minfo[39m: ✅ Socket.io inizializzato
2026-05-05 09:23:03: 2026-05-05 11:23:03 [32minfo[39m: 🍕 Avvio PizzaZen Backend...
2026-05-05 09:23:03: 2026-05-05 11:23:03 [32minfo[39m: ✅ PostgreSQL connesso — 2026-05-05 11:23:03.925479+02
2026-05-05 09:23:03: 2026-05-05 11:23:03 [32minfo[39m: ✅ Redis connesso
2026-05-05 09:23:03: 2026-05-05 11:23:03 [32minfo[39m: ✅ Server in ascolto su porta 3000
2026-05-05 09:23:03: 2026-05-05 11:23:03 [32minfo[39m: 🌍 Ambiente: production
2026-05-05 09:23:03: 2026-05-05 11:23:03 [32minfo[39m: 📡 Health check: http://localhost:3000/health
2026-05-05 09:23:03: 2026-05-05 11:23:03 [32minfo[39m: 🔌 Socket.io attivo
2026-05-05 09:23:05: 127.0.0.1 - - [05/May/2026:09:23:05 +0000] "GET /health HTTP/1.1" 200 123 "-" "curl/7.81.0"
2026-05-05 09:23:31: 127.0.0.1 - - [05/May/2026:09:23:31 +0000] "POST /api/v1/auth/login HTTP/1.1" 200 421 "-" "curl/7.81.0"
2026-05-05 09:23:39: 2026-05-05 11:23:39 [32minfo[39m: Promozione creata: Delivery Gratis sopra 45 euro (pizzeria 1)
2026-05-05 09:23:39: 127.0.0.1 - - [05/May/2026:09:23:39 +0000] "POST /api/v1/pizzeria/promozioni HTTP/1.1" 201 663 "-" "curl/7.81.0"
2026-05-05 09:23:57: 2026-05-05 11:23:57 [32minfo[39m: Promozione creata: Sconto 10% con codice PROMO10 (pizzeria 1)
2026-05-05 09:23:57: 127.0.0.1 - - [05/May/2026:09:23:57 +0000] "POST /api/v1/pizzeria/promozioni HTTP/1.1" 201 634 "-" "curl/7.81.0"
2026-05-05 09:24:01: 127.0.0.1 - - [05/May/2026:09:24:01 +0000] "GET /api/v1/pizzeria/promozioni/valuta?subtotale=50&tipo_ordine=delivery&costo_consegna=3 HTTP/1.1" 422 157 "-" "curl/7.81.0"
2026-05-05 09:32:25: 2026-05-05 11:32:25 [32minfo[39m: ✅ Socket.io inizializzato
2026-05-05 09:32:25: 2026-05-05 11:32:25 [32minfo[39m: 🍕 Avvio PizzaZen Backend...
2026-05-05 09:32:25: 2026-05-05 11:32:25 [32minfo[39m: ✅ PostgreSQL connesso — 2026-05-05 11:32:25.98213+02
2026-05-05 09:32:25: 2026-05-05 11:32:25 [32minfo[39m: ✅ Redis connesso
2026-05-05 09:32:25: 2026-05-05 11:32:25 [32minfo[39m: ✅ Server in ascolto su porta 3000
2026-05-05 09:32:25: 2026-05-05 11:32:25 [32minfo[39m: 🌍 Ambiente: production
2026-05-05 09:32:25: 2026-05-05 11:32:25 [32minfo[39m: 📡 Health check: http://localhost:3000/health
2026-05-05 09:32:25: 2026-05-05 11:32:25 [32minfo[39m: 🔌 Socket.io attivo
2026-05-05 09:32:52: 127.0.0.1 - - [05/May/2026:09:32:52 +0000] "POST /api/v1/auth/login HTTP/1.1" 200 421 "-" "curl/7.81.0"
2026-05-05 09:32:55: 127.0.0.1 - - [05/May/2026:09:32:55 +0000] "GET /api/v1/pizzeria/promozioni/valuta?subtotale=50&tipo_ordine=delivery&costo_consegna=3 HTTP/1.1" 200 313 "-" "curl/7.81.0"
2026-05-05 09:33:04: 127.0.0.1 - - [05/May/2026:09:33:04 +0000] "POST /api/v1/pizzeria/promozioni/valida-codice HTTP/1.1" 200 288 "-" "curl/7.81.0"
2026-05-05 09:33:31: 127.0.0.1 - - [05/May/2026:09:33:31 +0000] "GET /api/v1/pizzeria/promozioni HTTP/1.1" 200 1095 "-" "curl/7.81.0"
2026-05-05 09:33:34: 127.0.0.1 - - [05/May/2026:09:33:34 +0000] "GET /api/v1/pizzeria/promozioni/valuta?subtotale=30&tipo_ordine=delivery&costo_consegna=3 HTTP/1.1" 200 70 "-" "curl/7.81.0"
2026-05-05 19:47:33: 2026-05-05 21:47:33 [32minfo[39m: ✅ Socket.io inizializzato
2026-05-05 19:47:33: 2026-05-05 21:47:33 [32minfo[39m: 🍕 Avvio PizzaZen Backend...
2026-05-05 19:47:33: 2026-05-05 21:47:33 [32minfo[39m: ✅ PostgreSQL connesso — 2026-05-05 21:47:33.200022+02
2026-05-05 19:47:33: 2026-05-05 21:47:33 [32minfo[39m: ✅ Redis connesso
2026-05-05 19:47:33: 2026-05-05 21:47:33 [32minfo[39m: ✅ Server in ascolto su porta 3000
2026-05-05 19:47:33: 2026-05-05 21:47:33 [32minfo[39m: 🌍 Ambiente: production
2026-05-05 19:47:33: 2026-05-05 21:47:33 [32minfo[39m: 📡 Health check: http://localhost:3000/health
2026-05-05 19:47:33: 2026-05-05 21:47:33 [32minfo[39m: 🔌 Socket.io attivo
2026-05-05 19:49:01: 127.0.0.1 - - [05/May/2026:19:49:01 +0000] "POST /api/v1/auth/login HTTP/1.1" 200 421 "-" "curl/7.81.0"
2026-05-05 19:50:46: 192.168.1.160 - - [05/May/2026:19:50:46 +0000] "POST /api/v1/auth/login HTTP/1.1" 200 421 "-" "curl/7.81.0"
2026-05-05 19:56:11: 2026-05-05 21:56:11 [32minfo[39m: ✅ Socket.io inizializzato
2026-05-05 19:56:11: 2026-05-05 21:56:11 [32minfo[39m: 🍕 Avvio PizzaZen Backend...
2026-05-05 19:56:11: 2026-05-05 21:56:11 [32minfo[39m: ✅ PostgreSQL connesso — 2026-05-05 21:56:11.966961+02
2026-05-05 19:56:11: 2026-05-05 21:56:11 [32minfo[39m: ✅ Redis connesso
2026-05-05 19:56:11: 2026-05-05 21:56:11 [32minfo[39m: ✅ Server in ascolto su porta 3000
2026-05-05 19:56:11: 2026-05-05 21:56:11 [32minfo[39m: 🌍 Ambiente: production
2026-05-05 19:56:11: 2026-05-05 21:56:11 [32minfo[39m: 📡 Health check: http://localhost:3000/health
2026-05-05 19:56:11: 2026-05-05 21:56:11 [32minfo[39m: 🔌 Socket.io attivo
2026-05-05 19:56:16: 192.168.1.6 - - [05/May/2026:19:56:16 +0000] "POST /api/v1/auth/login HTTP/1.1" 200 421 "http://192.168.1.160:5173/" "Mozilla/5.0 (Macintosh; Intel Mac OS X 10_15_7) AppleWebKit/605.1.15 (KHTML, like Gecko) Version/26.4 Safari/605.1.15"
2026-05-06 08:43:44: 2026-05-06 10:43:44 [32minfo[39m: ✅ Socket.io inizializzato
2026-05-06 08:43:44: 2026-05-06 10:43:44 [32minfo[39m: 🍕 Avvio PizzaZen Backend...
2026-05-06 08:43:44: 2026-05-06 10:43:44 [32minfo[39m: ✅ PostgreSQL connesso — 2026-05-06 10:43:44.354234+02
2026-05-06 08:43:44: 2026-05-06 10:43:44 [32minfo[39m: ✅ Redis connesso
2026-05-06 08:43:44: 2026-05-06 10:43:44 [32minfo[39m: ✅ Server in ascolto su porta 3000
2026-05-06 08:43:44: 2026-05-06 10:43:44 [32minfo[39m: 🌍 Ambiente: production
2026-05-06 08:43:44: 2026-05-06 10:43:44 [32minfo[39m: 📡 Health check: http://localhost:3000/health
2026-05-06 08:43:44: 2026-05-06 10:43:44 [32minfo[39m: 🔌 Socket.io attivo
2026-05-06 08:43:55: 192.168.1.152 - - [06/May/2026:08:43:55 +0000] "POST /api/v1/auth/admin/login HTTP/1.1" 401 87 "http://192.168.1.160:5174/" "Mozilla/5.0 (Macintosh; Intel Mac OS X 10_15_7) AppleWebKit/605.1.15 (KHTML, like Gecko) Version/26.4 Safari/605.1.15"
2026-05-06 08:44:00: 192.168.1.152 - - [06/May/2026:08:44:00 +0000] "POST /api/v1/auth/admin/login HTTP/1.1" 200 280 "http://192.168.1.160:5174/" "Mozilla/5.0 (Macintosh; Intel Mac OS X 10_15_7) AppleWebKit/605.1.15 (KHTML, like Gecko) Version/26.4 Safari/605.1.15"
2026-05-06 08:48:30: 192.168.1.152 - - [06/May/2026:08:48:30 +0000] "POST /api/v1/auth/admin/login HTTP/1.1" 200 280 "http://192.168.1.160:5174/" "Mozilla/5.0 (Macintosh; Intel Mac OS X 10_15_7) AppleWebKit/605.1.15 (KHTML, like Gecko) Version/26.4 Safari/605.1.15"
2026-05-06 08:49:06: 192.168.1.152 - - [06/May/2026:08:49:06 +0000] "POST /api/v1/auth/admin/login HTTP/1.1" 200 280 "http://192.168.1.160:5174/" "Mozilla/5.0 (Macintosh; Intel Mac OS X 10_15_7) AppleWebKit/605.1.15 (KHTML, like Gecko) Version/26.4 Safari/605.1.15"
2026-05-06 08:49:08: 192.168.1.152 - - [06/May/2026:08:49:08 +0000] "GET /api/v1/admin/pizzerie?cerca= HTTP/1.1" 200 557 "http://192.168.1.160:5174/" "Mozilla/5.0 (Macintosh; Intel Mac OS X 10_15_7) AppleWebKit/605.1.15 (KHTML, like Gecko) Version/26.4 Safari/605.1.15"
2026-05-06 08:54:17: 192.168.1.152 - - [06/May/2026:08:54:17 +0000] "GET /api/v1/admin/pizzerie?cerca= HTTP/1.1" 304 - "http://192.168.1.160:5174/" "Mozilla/5.0 (Macintosh; Intel Mac OS X 10_15_7) AppleWebKit/605.1.15 (KHTML, like Gecko) Version/26.4 Safari/605.1.15"
2026-05-06 09:03:36: 192.168.1.152 - - [06/May/2026:09:03:36 +0000] "GET /api/v1/admin/pizzerie?cerca= HTTP/1.1" 304 - "http://192.168.1.160:5174/" "Mozilla/5.0 (Macintosh; Intel Mac OS X 10_15_7) AppleWebKit/605.1.15 (KHTML, like Gecko) Version/26.4 Safari/605.1.15"
2026-05-06 09:04:15: 192.168.1.152 - - [06/May/2026:09:04:15 +0000] "GET /api/v1/admin/pizzerie?cerca= HTTP/1.1" 304 - "http://192.168.1.160:5174/" "Mozilla/5.0 (Macintosh; Intel Mac OS X 10_15_7) AppleWebKit/605.1.15 (KHTML, like Gecko) Version/26.4 Safari/605.1.15"
2026-05-06 09:04:58: 192.168.1.152 - - [06/May/2026:09:04:58 +0000] "POST /api/v1/auth/admin/login HTTP/1.1" 200 280 "http://192.168.1.160:5174/" "Mozilla/5.0 (Macintosh; Intel Mac OS X 10_15_7) AppleWebKit/537.36 (KHTML, like Gecko) Chrome/147.0.0.0 Safari/537.36"
2026-05-06 09:05:02: 192.168.1.152 - - [06/May/2026:09:05:02 +0000] "GET /api/v1/admin/pizzerie?cerca= HTTP/1.1" 200 557 "http://192.168.1.160:5174/" "Mozilla/5.0 (Macintosh; Intel Mac OS X 10_15_7) AppleWebKit/537.36 (KHTML, like Gecko) Chrome/147.0.0.0 Safari/537.36"
2026-05-06 09:42:38: 192.168.1.152 - - [06/May/2026:09:42:38 +0000] "GET /api/v1/admin/pizzerie?cerca= HTTP/1.1" 304 - "http://192.168.1.160:5174/" "Mozilla/5.0 (Macintosh; Intel Mac OS X 10_15_7) AppleWebKit/605.1.15 (KHTML, like Gecko) Version/26.4 Safari/605.1.15"
2026-05-06 09:45:45: 192.168.1.152 - - [06/May/2026:09:45:45 +0000] "GET /api/v1/admin/pizzerie?cerca= HTTP/1.1" 304 - "http://192.168.1.160:5174/" "Mozilla/5.0 (Macintosh; Intel Mac OS X 10_15_7) AppleWebKit/605.1.15 (KHTML, like Gecko) Version/26.4 Safari/605.1.15"
2026-05-06 10:03:14: 192.168.1.152 - - [06/May/2026:10:03:14 +0000] "GET /api/v1/admin/pizzerie?cerca= HTTP/1.1" 304 - "http://192.168.1.160:5174/" "Mozilla/5.0 (Macintosh; Intel Mac OS X 10_15_7) AppleWebKit/605.1.15 (KHTML, like Gecko) Version/26.4 Safari/605.1.15"
2026-05-06 10:03:16: 192.168.1.152 - - [06/May/2026:10:03:16 +0000] "GET /api/v1/admin/pizzerie/1 HTTP/1.1" 200 1619 "http://192.168.1.160:5174/" "Mozilla/5.0 (Macintosh; Intel Mac OS X 10_15_7) AppleWebKit/605.1.15 (KHTML, like Gecko) Version/26.4 Safari/605.1.15"
2026-05-06 10:03:32: 192.168.1.152 - - [06/May/2026:10:03:32 +0000] "PUT /api/v1/admin/pizzerie/1 HTTP/1.1" 422 154 "http://192.168.1.160:5174/" "Mozilla/5.0 (Macintosh; Intel Mac OS X 10_15_7) AppleWebKit/605.1.15 (KHTML, like Gecko) Version/26.4 Safari/605.1.15"
2026-05-06 10:03:57: 192.168.1.152 - - [06/May/2026:10:03:57 +0000] "PUT /api/v1/admin/pizzerie/1 HTTP/1.1" 200 88 "http://192.168.1.160:5174/" "Mozilla/5.0 (Macintosh; Intel Mac OS X 10_15_7) AppleWebKit/605.1.15 (KHTML, like Gecko) Version/26.4 Safari/605.1.15"
2026-05-06 10:03:57: 192.168.1.152 - - [06/May/2026:10:03:57 +0000] "GET /api/v1/admin/pizzerie/1 HTTP/1.1" 200 1619 "http://192.168.1.160:5174/" "Mozilla/5.0 (Macintosh; Intel Mac OS X 10_15_7) AppleWebKit/605.1.15 (KHTML, like Gecko) Version/26.4 Safari/605.1.15"
2026-05-06 10:04:03: 192.168.1.152 - - [06/May/2026:10:04:03 +0000] "GET /api/v1/admin/pizzerie?cerca= HTTP/1.1" 200 565 "http://192.168.1.160:5174/" "Mozilla/5.0 (Macintosh; Intel Mac OS X 10_15_7) AppleWebKit/605.1.15 (KHTML, like Gecko) Version/26.4 Safari/605.1.15"
2026-05-06 10:04:27: 192.168.1.152 - - [06/May/2026:10:04:27 +0000] "PUT /api/v1/admin/pizzerie/1 HTTP/1.1" 200 88 "http://192.168.1.160:5174/" "Mozilla/5.0 (Macintosh; Intel Mac OS X 10_15_7) AppleWebKit/605.1.15 (KHTML, like Gecko) Version/26.4 Safari/605.1.15"
2026-05-06 10:04:27: 192.168.1.152 - - [06/May/2026:10:04:27 +0000] "GET /api/v1/admin/pizzerie/1 HTTP/1.1" 200 1662 "http://192.168.1.160:5174/" "Mozilla/5.0 (Macintosh; Intel Mac OS X 10_15_7) AppleWebKit/605.1.15 (KHTML, like Gecko) Version/26.4 Safari/605.1.15"
2026-05-06 10:04:31: 192.168.1.152 - - [06/May/2026:10:04:31 +0000] "PUT /api/v1/admin/pizzerie/1 HTTP/1.1" 200 88 "http://192.168.1.160:5174/" "Mozilla/5.0 (Macintosh; Intel Mac OS X 10_15_7) AppleWebKit/605.1.15 (KHTML, like Gecko) Version/26.4 Safari/605.1.15"
2026-05-06 10:04:31: 192.168.1.152 - - [06/May/2026:10:04:31 +0000] "GET /api/v1/admin/pizzerie/1 HTTP/1.1" 200 1661 "http://192.168.1.160:5174/" "Mozilla/5.0 (Macintosh; Intel Mac OS X 10_15_7) AppleWebKit/605.1.15 (KHTML, like Gecko) Version/26.4 Safari/605.1.15"
2026-05-06 10:04:35: 192.168.1.152 - - [06/May/2026:10:04:35 +0000] "PUT /api/v1/admin/pizzerie/1 HTTP/1.1" 200 88 "http://192.168.1.160:5174/" "Mozilla/5.0 (Macintosh; Intel Mac OS X 10_15_7) AppleWebKit/605.1.15 (KHTML, like Gecko) Version/26.4 Safari/605.1.15"
2026-05-06 10:04:35: 192.168.1.152 - - [06/May/2026:10:04:35 +0000] "GET /api/v1/admin/pizzerie/1 HTTP/1.1" 200 1661 "http://192.168.1.160:5174/" "Mozilla/5.0 (Macintosh; Intel Mac OS X 10_15_7) AppleWebKit/605.1.15 (KHTML, like Gecko) Version/26.4 Safari/605.1.15"
2026-05-06 10:04:39: 192.168.1.152 - - [06/May/2026:10:04:39 +0000] "PUT /api/v1/admin/pizzerie/1 HTTP/1.1" 200 88 "http://192.168.1.160:5174/" "Mozilla/5.0 (Macintosh; Intel Mac OS X 10_15_7) AppleWebKit/605.1.15 (KHTML, like Gecko) Version/26.4 Safari/605.1.15"
2026-05-06 10:04:39: 192.168.1.152 - - [06/May/2026:10:04:39 +0000] "GET /api/v1/admin/pizzerie/1 HTTP/1.1" 200 1661 "http://192.168.1.160:5174/" "Mozilla/5.0 (Macintosh; Intel Mac OS X 10_15_7) AppleWebKit/605.1.15 (KHTML, like Gecko) Version/26.4 Safari/605.1.15"
2026-05-06 10:05:00: 192.168.1.152 - - [06/May/2026:10:05:00 +0000] "PUT /api/v1/admin/pizzerie/1 HTTP/1.1" 200 88 "http://192.168.1.160:5174/" "Mozilla/5.0 (Macintosh; Intel Mac OS X 10_15_7) AppleWebKit/605.1.15 (KHTML, like Gecko) Version/26.4 Safari/605.1.15"
2026-05-06 10:05:00: 192.168.1.152 - - [06/May/2026:10:05:00 +0000] "GET /api/v1/admin/pizzerie/1 HTTP/1.1" 200 1660 "http://192.168.1.160:5174/" "Mozilla/5.0 (Macintosh; Intel Mac OS X 10_15_7) AppleWebKit/605.1.15 (KHTML, like Gecko) Version/26.4 Safari/605.1.15"
2026-05-06 10:05:04: 192.168.1.152 - - [06/May/2026:10:05:04 +0000] "PUT /api/v1/admin/pizzerie/1 HTTP/1.1" 200 88 "http://192.168.1.160:5174/" "Mozilla/5.0 (Macintosh; Intel Mac OS X 10_15_7) AppleWebKit/605.1.15 (KHTML, like Gecko) Version/26.4 Safari/605.1.15"
2026-05-06 10:05:04: 192.168.1.152 - - [06/May/2026:10:05:04 +0000] "GET /api/v1/admin/pizzerie/1 HTTP/1.1" 200 1661 "http://192.168.1.160:5174/" "Mozilla/5.0 (Macintosh; Intel Mac OS X 10_15_7) AppleWebKit/605.1.15 (KHTML, like Gecko) Version/26.4 Safari/605.1.15"
2026-05-06 10:05:11: 192.168.1.152 - - [06/May/2026:10:05:11 +0000] "GET /api/v1/admin/pizzerie?cerca= HTTP/1.1" 200 580 "http://192.168.1.160:5174/" "Mozilla/5.0 (Macintosh; Intel Mac OS X 10_15_7) AppleWebKit/605.1.15 (KHTML, like Gecko) Version/26.4 Safari/605.1.15"
2026-05-06 10:05:17: 192.168.1.152 - - [06/May/2026:10:05:17 +0000] "PUT /api/v1/admin/pizzerie/1 HTTP/1.1" 200 88 "http://192.168.1.160:5174/" "Mozilla/5.0 (Macintosh; Intel Mac OS X 10_15_7) AppleWebKit/605.1.15 (KHTML, like Gecko) Version/26.4 Safari/605.1.15"
2026-05-06 10:05:17: 192.168.1.152 - - [06/May/2026:10:05:17 +0000] "GET /api/v1/admin/pizzerie/1 HTTP/1.1" 200 1660 "http://192.168.1.160:5174/" "Mozilla/5.0 (Macintosh; Intel Mac OS X 10_15_7) AppleWebKit/605.1.15 (KHTML, like Gecko) Version/26.4 Safari/605.1.15"
2026-05-06 10:05:26: 192.168.1.152 - - [06/May/2026:10:05:26 +0000] "GET /api/v1/admin/pizzerie?cerca= HTTP/1.1" 200 579 "http://192.168.1.160:5174/" "Mozilla/5.0 (Macintosh; Intel Mac OS X 10_15_7) AppleWebKit/605.1.15 (KHTML, like Gecko) Version/26.4 Safari/605.1.15"
2026-05-06 10:05:40: 192.168.1.152 - - [06/May/2026:10:05:40 +0000] "PUT /api/v1/admin/pizzerie/1 HTTP/1.1" 200 88 "http://192.168.1.160:5174/" "Mozilla/5.0 (Macintosh; Intel Mac OS X 10_15_7) AppleWebKit/605.1.15 (KHTML, like Gecko) Version/26.4 Safari/605.1.15"
2026-05-06 10:05:40: 192.168.1.152 - - [06/May/2026:10:05:40 +0000] "GET /api/v1/admin/pizzerie/1 HTTP/1.1" 200 1661 "http://192.168.1.160:5174/" "Mozilla/5.0 (Macintosh; Intel Mac OS X 10_15_7) AppleWebKit/605.1.15 (KHTML, like Gecko) Version/26.4 Safari/605.1.15"
2026-05-06 10:05:41: 192.168.1.152 - - [06/May/2026:10:05:41 +0000] "GET /api/v1/admin/pizzerie?cerca= HTTP/1.1" 200 580 "http://192.168.1.160:5174/" "Mozilla/5.0 (Macintosh; Intel Mac OS X 10_15_7) AppleWebKit/605.1.15 (KHTML, like Gecko) Version/26.4 Safari/605.1.15"
2026-05-06 10:05:47: 192.168.1.152 - - [06/May/2026:10:05:47 +0000] "PUT /api/v1/admin/pizzerie/1 HTTP/1.1" 200 88 "http://192.168.1.160:5174/" "Mozilla/5.0 (Macintosh; Intel Mac OS X 10_15_7) AppleWebKit/605.1.15 (KHTML, like Gecko) Version/26.4 Safari/605.1.15"
2026-05-06 10:05:48: 192.168.1.152 - - [06/May/2026:10:05:48 +0000] "GET /api/v1/admin/pizzerie/1 HTTP/1.1" 200 1660 "http://192.168.1.160:5174/" "Mozilla/5.0 (Macintosh; Intel Mac OS X 10_15_7) AppleWebKit/605.1.15 (KHTML, like Gecko) Version/26.4 Safari/605.1.15"
2026-05-06 10:05:49: 192.168.1.152 - - [06/May/2026:10:05:49 +0000] "GET /api/v1/admin/pizzerie?cerca= HTTP/1.1" 200 580 "http://192.168.1.160:5174/" "Mozilla/5.0 (Macintosh; Intel Mac OS X 10_15_7) AppleWebKit/605.1.15 (KHTML, like Gecko) Version/26.4 Safari/605.1.15"
2026-05-06 10:06:05: 192.168.1.152 - - [06/May/2026:10:06:05 +0000] "GET /api/v1/admin/pizzerie?cerca= HTTP/1.1" 200 580 "http://192.168.1.160:5174/" "Mozilla/5.0 (Macintosh; Intel Mac OS X 10_15_7) AppleWebKit/537.36 (KHTML, like Gecko) Chrome/147.0.0.0 Safari/537.36"
2026-05-06 10:06:06: 192.168.1.152 - - [06/May/2026:10:06:06 +0000] "GET /api/v1/admin/pizzerie/1 HTTP/1.1" 200 1660 "http://192.168.1.160:5174/" "Mozilla/5.0 (Macintosh; Intel Mac OS X 10_15_7) AppleWebKit/537.36 (KHTML, like Gecko) Chrome/147.0.0.0 Safari/537.36"
2026-05-06 10:07:05: 192.168.1.152 - - [06/May/2026:10:07:05 +0000] "GET /api/v1/admin/pizzerie/1 HTTP/1.1" 304 - "http://192.168.1.160:5174/" "Mozilla/5.0 (Macintosh; Intel Mac OS X 10_15_7) AppleWebKit/605.1.15 (KHTML, like Gecko) Version/26.4 Safari/605.1.15"
2026-05-06 10:10:32: 192.168.1.152 - - [06/May/2026:10:10:32 +0000] "GET /api/v1/admin/pizzerie/1 HTTP/1.1" 304 - "http://192.168.1.160:5174/" "Mozilla/5.0 (Macintosh; Intel Mac OS X 10_15_7) AppleWebKit/537.36 (KHTML, like Gecko) Chrome/147.0.0.0 Safari/537.36"
2026-05-06 10:10:34: 192.168.1.152 - - [06/May/2026:10:10:34 +0000] "GET /api/v1/admin/pizzerie/1 HTTP/1.1" 304 - "http://192.168.1.160:5174/" "Mozilla/5.0 (Macintosh; Intel Mac OS X 10_15_7) AppleWebKit/605.1.15 (KHTML, like Gecko) Version/26.4 Safari/605.1.15"
2026-05-06 10:11:44: 192.168.1.152 - - [06/May/2026:10:11:44 +0000] "GET /api/v1/admin/pizzerie/1 HTTP/1.1" 304 - "http://192.168.1.160:5174/" "Mozilla/5.0 (Macintosh; Intel Mac OS X 10_15_7) AppleWebKit/537.36 (KHTML, like Gecko) Chrome/147.0.0.0 Safari/537.36"
2026-05-06 10:11:45: 192.168.1.152 - - [06/May/2026:10:11:45 +0000] "GET /api/v1/admin/pizzerie/1 HTTP/1.1" 304 - "http://192.168.1.160:5174/" "Mozilla/5.0 (Macintosh; Intel Mac OS X 10_15_7) AppleWebKit/605.1.15 (KHTML, like Gecko) Version/26.4 Safari/605.1.15"
2026-05-06 10:12:34: 192.168.1.152 - - [06/May/2026:10:12:34 +0000] "GET /api/v1/admin/pizzerie/1 HTTP/1.1" 304 - "http://192.168.1.160:5174/" "Mozilla/5.0 (Macintosh; Intel Mac OS X 10_15_7) AppleWebKit/537.36 (KHTML, like Gecko) Chrome/147.0.0.0 Safari/537.36"
2026-05-06 10:12:37: 192.168.1.152 - - [06/May/2026:10:12:37 +0000] "GET /api/v1/admin/pizzerie/1 HTTP/1.1" 304 - "http://192.168.1.160:5174/" "Mozilla/5.0 (Macintosh; Intel Mac OS X 10_15_7) AppleWebKit/605.1.15 (KHTML, like Gecko) Version/26.4 Safari/605.1.15"
2026-05-06 10:14:26: 192.168.1.152 - - [06/May/2026:10:14:26 +0000] "GET /api/v1/admin/pizzerie/1 HTTP/1.1" 304 - "http://192.168.1.160:5174/" "Mozilla/5.0 (Macintosh; Intel Mac OS X 10_15_7) AppleWebKit/537.36 (KHTML, like Gecko) Chrome/147.0.0.0 Safari/537.36"
2026-05-06 10:14:28: 192.168.1.152 - - [06/May/2026:10:14:28 +0000] "GET /api/v1/admin/pizzerie/1 HTTP/1.1" 304 - "http://192.168.1.160:5174/" "Mozilla/5.0 (Macintosh; Intel Mac OS X 10_15_7) AppleWebKit/605.1.15 (KHTML, like Gecko) Version/26.4 Safari/605.1.15"
2026-05-06 10:14:54: 192.168.1.152 - - [06/May/2026:10:14:54 +0000] "PUT /api/v1/admin/pizzerie/1 HTTP/1.1" 200 88 "http://192.168.1.160:5174/" "Mozilla/5.0 (Macintosh; Intel Mac OS X 10_15_7) AppleWebKit/605.1.15 (KHTML, like Gecko) Version/26.4 Safari/605.1.15"
2026-05-06 10:14:54: 192.168.1.152 - - [06/May/2026:10:14:54 +0000] "GET /api/v1/admin/pizzerie/1 HTTP/1.1" 200 1661 "http://192.168.1.160:5174/" "Mozilla/5.0 (Macintosh; Intel Mac OS X 10_15_7) AppleWebKit/605.1.15 (KHTML, like Gecko) Version/26.4 Safari/605.1.15"
2026-05-06 10:16:48: 192.168.1.152 - - [06/May/2026:10:16:48 +0000] "GET /api/v1/admin/pizzerie/1 HTTP/1.1" 200 1661 "http://192.168.1.160:5174/" "Mozilla/5.0 (Macintosh; Intel Mac OS X 10_15_7) AppleWebKit/537.36 (KHTML, like Gecko) Chrome/147.0.0.0 Safari/537.36"
2026-05-06 10:16:50: 192.168.1.152 - - [06/May/2026:10:16:50 +0000] "GET /api/v1/admin/pizzerie/1 HTTP/1.1" 304 - "http://192.168.1.160:5174/" "Mozilla/5.0 (Macintosh; Intel Mac OS X 10_15_7) AppleWebKit/605.1.15 (KHTML, like Gecko) Version/26.4 Safari/605.1.15"
2026-05-06 10:16:56: 192.168.1.152 - - [06/May/2026:10:16:56 +0000] "PUT /api/v1/admin/pizzerie/1 HTTP/1.1" 200 88 "http://192.168.1.160:5174/" "Mozilla/5.0 (Macintosh; Intel Mac OS X 10_15_7) AppleWebKit/605.1.15 (KHTML, like Gecko) Version/26.4 Safari/605.1.15"
2026-05-06 10:16:56: 192.168.1.152 - - [06/May/2026:10:16:56 +0000] "GET /api/v1/admin/pizzerie/1 HTTP/1.1" 200 1661 "http://192.168.1.160:5174/" "Mozilla/5.0 (Macintosh; Intel Mac OS X 10_15_7) AppleWebKit/605.1.15 (KHTML, like Gecko) Version/26.4 Safari/605.1.15"
2026-05-06 10:17:00: 192.168.1.152 - - [06/May/2026:10:17:00 +0000] "PUT /api/v1/admin/pizzerie/1 HTTP/1.1" 200 88 "http://192.168.1.160:5174/" "Mozilla/5.0 (Macintosh; Intel Mac OS X 10_15_7) AppleWebKit/605.1.15 (KHTML, like Gecko) Version/26.4 Safari/605.1.15"
2026-05-06 10:17:00: 192.168.1.152 - - [06/May/2026:10:17:00 +0000] "GET /api/v1/admin/pizzerie/1 HTTP/1.1" 200 1661 "http://192.168.1.160:5174/" "Mozilla/5.0 (Macintosh; Intel Mac OS X 10_15_7) AppleWebKit/605.1.15 (KHTML, like Gecko) Version/26.4 Safari/605.1.15"
2026-05-06 10:17:04: 192.168.1.152 - - [06/May/2026:10:17:04 +0000] "PUT /api/v1/admin/pizzerie/1 HTTP/1.1" 200 88 "http://192.168.1.160:5174/" "Mozilla/5.0 (Macintosh; Intel Mac OS X 10_15_7) AppleWebKit/605.1.15 (KHTML, like Gecko) Version/26.4 Safari/605.1.15"
2026-05-06 10:17:04: 192.168.1.152 - - [06/May/2026:10:17:04 +0000] "GET /api/v1/admin/pizzerie/1 HTTP/1.1" 200 1661 "http://192.168.1.160:5174/" "Mozilla/5.0 (Macintosh; Intel Mac OS X 10_15_7) AppleWebKit/605.1.15 (KHTML, like Gecko) Version/26.4 Safari/605.1.15"
2026-05-06 10:20:09: 192.168.1.152 - - [06/May/2026:10:20:09 +0000] "GET /api/v1/admin/pizzerie/1 HTTP/1.1" 200 1661 "http://192.168.1.160:5174/" "Mozilla/5.0 (Macintosh; Intel Mac OS X 10_15_7) AppleWebKit/537.36 (KHTML, like Gecko) Chrome/147.0.0.0 Safari/537.36"
2026-05-06 10:24:16: 192.168.1.152 - - [06/May/2026:10:24:16 +0000] "GET /api/v1/admin/pizzerie/1 HTTP/1.1" 304 - "http://192.168.1.160:5174/" "Mozilla/5.0 (Macintosh; Intel Mac OS X 10_15_7) AppleWebKit/537.36 (KHTML, like Gecko) Chrome/147.0.0.0 Safari/537.36"
2026-05-06 10:31:53: 192.168.1.152 - - [06/May/2026:10:31:53 +0000] "GET /api/v1/admin/pizzerie/1 HTTP/1.1" 304 - "http://192.168.1.160:5174/" "Mozilla/5.0 (Macintosh; Intel Mac OS X 10_15_7) AppleWebKit/537.36 (KHTML, like Gecko) Chrome/147.0.0.0 Safari/537.36"
2026-05-06 10:49:31: 192.168.1.152 - - [06/May/2026:10:49:31 +0000] "GET /api/v1/admin/pizzerie/1 HTTP/1.1" 304 - "http://192.168.1.160:5174/" "Mozilla/5.0 (Macintosh; Intel Mac OS X 10_15_7) AppleWebKit/537.36 (KHTML, like Gecko) Chrome/147.0.0.0 Safari/537.36"
2026-05-06 10:53:44: 192.168.1.152 - - [06/May/2026:10:53:44 +0000] "GET /api/v1/admin/pizzerie/1 HTTP/1.1" 304 - "http://192.168.1.160:5174/" "Mozilla/5.0 (Macintosh; Intel Mac OS X 10_15_7) AppleWebKit/537.36 (KHTML, like Gecko) Chrome/147.0.0.0 Safari/537.36"
2026-05-06 12:30:29: 192.168.1.152 - - [06/May/2026:12:30:29 +0000] "GET /api/v1/admin/pizzerie/1 HTTP/1.1" 304 - "http://192.168.1.160:5174/" "Mozilla/5.0 (Macintosh; Intel Mac OS X 10_15_7) AppleWebKit/537.36 (KHTML, like Gecko) Chrome/147.0.0.0 Safari/537.36"
2026-05-06 12:35:07: 192.168.1.152 - - [06/May/2026:12:35:07 +0000] "GET /api/v1/admin/pizzerie/1 HTTP/1.1" 304 - "http://192.168.1.160:5174/" "Mozilla/5.0 (Macintosh; Intel Mac OS X 10_15_7) AppleWebKit/537.36 (KHTML, like Gecko) Chrome/147.0.0.0 Safari/537.36"
2026-05-06 12:40:23: 192.168.1.152 - - [06/May/2026:12:40:23 +0000] "GET /api/v1/admin/pizzerie/1 HTTP/1.1" 304 - "http://192.168.1.160:5174/" "Mozilla/5.0 (Macintosh; Intel Mac OS X 10_15_7) AppleWebKit/605.1.15 (KHTML, like Gecko) Version/26.4 Safari/605.1.15"
2026-05-06 12:40:25: 192.168.1.152 - - [06/May/2026:12:40:25 +0000] "GET /api/v1/admin/pizzerie?cerca= HTTP/1.1" 200 580 "http://192.168.1.160:5174/" "Mozilla/5.0 (Macintosh; Intel Mac OS X 10_15_7) AppleWebKit/605.1.15 (KHTML, like Gecko) Version/26.4 Safari/605.1.15"
2026-05-06 12:40:27: 192.168.1.152 - - [06/May/2026:12:40:27 +0000] "GET /api/v1/admin/pizzerie/1/utenti HTTP/1.1" 404 102 "http://192.168.1.160:5174/" "Mozilla/5.0 (Macintosh; Intel Mac OS X 10_15_7) AppleWebKit/605.1.15 (KHTML, like Gecko) Version/26.4 Safari/605.1.15"
2026-05-06 12:40:28: 192.168.1.152 - - [06/May/2026:12:40:28 +0000] "GET /api/v1/admin/pizzerie/1/utenti HTTP/1.1" 404 102 "http://192.168.1.160:5174/" "Mozilla/5.0 (Macintosh; Intel Mac OS X 10_15_7) AppleWebKit/605.1.15 (KHTML, like Gecko) Version/26.4 Safari/605.1.15"
2026-05-06 12:40:37: 192.168.1.152 - - [06/May/2026:12:40:37 +0000] "GET /api/v1/admin/pizzerie/1/utenti HTTP/1.1" 404 102 "http://192.168.1.160:5174/" "Mozilla/5.0 (Macintosh; Intel Mac OS X 10_15_7) AppleWebKit/605.1.15 (KHTML, like Gecko) Version/26.4 Safari/605.1.15"
2026-05-06 12:40:38: 192.168.1.152 - - [06/May/2026:12:40:38 +0000] "GET /api/v1/admin/pizzerie/1/utenti HTTP/1.1" 404 102 "http://192.168.1.160:5174/" "Mozilla/5.0 (Macintosh; Intel Mac OS X 10_15_7) AppleWebKit/605.1.15 (KHTML, like Gecko) Version/26.4 Safari/605.1.15"
2026-05-06 12:41:15: 192.168.1.152 - - [06/May/2026:12:41:15 +0000] "POST /api/v1/admin/pizzerie/1/utenti HTTP/1.1" 404 103 "http://192.168.1.160:5174/" "Mozilla/5.0 (Macintosh; Intel Mac OS X 10_15_7) AppleWebKit/605.1.15 (KHTML, like Gecko) Version/26.4 Safari/605.1.15"
2026-05-06 12:43:13: 2026-05-06 14:43:13 [32minfo[39m: ✅ Socket.io inizializzato
2026-05-06 12:43:14: 2026-05-06 14:43:14 [32minfo[39m: 🍕 Avvio PizzaZen Backend...
2026-05-06 12:43:14: 2026-05-06 14:43:14 [32minfo[39m: ✅ PostgreSQL connesso — 2026-05-06 14:43:14.056062+02
2026-05-06 12:43:14: 2026-05-06 14:43:14 [32minfo[39m: ✅ Redis connesso
2026-05-06 12:43:14: 2026-05-06 14:43:14 [32minfo[39m: ✅ Server in ascolto su porta 3000
2026-05-06 12:43:14: 2026-05-06 14:43:14 [32minfo[39m: 🌍 Ambiente: production
2026-05-06 12:43:14: 2026-05-06 14:43:14 [32minfo[39m: 📡 Health check: http://localhost:3000/health
2026-05-06 12:43:14: 2026-05-06 14:43:14 [32minfo[39m: 🔌 Socket.io attivo
2026-05-06 12:43:17: 127.0.0.1 - - [06/May/2026:12:43:17 +0000] "POST /api/v1/auth/admin/login HTTP/1.1" 200 280 "-" "curl/7.81.0"
2026-05-06 12:43:17: 127.0.0.1 - - [06/May/2026:12:43:17 +0000] "GET /api/v1/admin/pizzerie/1/utenti HTTP/1.1" 200 298 "-" "curl/7.81.0"
2026-05-06 12:43:41: 192.168.1.152 - - [06/May/2026:12:43:41 +0000] "GET /api/v1/admin/pizzerie/1 HTTP/1.1" 304 - "http://192.168.1.160:5174/" "Mozilla/5.0 (Macintosh; Intel Mac OS X 10_15_7) AppleWebKit/605.1.15 (KHTML, like Gecko) Version/26.4 Safari/605.1.15"
2026-05-06 12:43:41: 192.168.1.152 - - [06/May/2026:12:43:41 +0000] "GET /api/v1/admin/pizzerie/1/utenti HTTP/1.1" 200 298 "http://192.168.1.160:5174/" "Mozilla/5.0 (Macintosh; Intel Mac OS X 10_15_7) AppleWebKit/605.1.15 (KHTML, like Gecko) Version/26.4 Safari/605.1.15"
2026-05-06 12:43:42: 192.168.1.152 - - [06/May/2026:12:43:42 +0000] "GET /api/v1/admin/pizzerie?cerca= HTTP/1.1" 304 - "http://192.168.1.160:5174/" "Mozilla/5.0 (Macintosh; Intel Mac OS X 10_15_7) AppleWebKit/605.1.15 (KHTML, like Gecko) Version/26.4 Safari/605.1.15"
2026-05-06 12:44:04: 192.168.1.152 - - [06/May/2026:12:44:04 +0000] "POST /api/v1/admin/pizzerie/1/utenti HTTP/1.1" 201 120 "http://192.168.1.160:5174/" "Mozilla/5.0 (Macintosh; Intel Mac OS X 10_15_7) AppleWebKit/605.1.15 (KHTML, like Gecko) Version/26.4 Safari/605.1.15"
2026-05-06 12:44:04: 192.168.1.152 - - [06/May/2026:12:44:04 +0000] "GET /api/v1/admin/pizzerie/1/utenti HTTP/1.1" 200 552 "http://192.168.1.160:5174/" "Mozilla/5.0 (Macintosh; Intel Mac OS X 10_15_7) AppleWebKit/605.1.15 (KHTML, like Gecko) Version/26.4 Safari/605.1.15"
2026-05-06 12:44:04: 192.168.1.152 - - [06/May/2026:12:44:04 +0000] "GET /api/v1/admin/pizzerie/1 HTTP/1.1" 200 1661 "http://192.168.1.160:5174/" "Mozilla/5.0 (Macintosh; Intel Mac OS X 10_15_7) AppleWebKit/605.1.15 (KHTML, like Gecko) Version/26.4 Safari/605.1.15"
